
Showing All Messages
Disabling hardened runtime with ad-hoc codesigning.

ComputePackagePrebuildTargetDependencyGraph

Prepare packages
CreateBuildRequest

SendProjectDescription

CreateBuildOperation

ComputeTargetDependencyGraph

note: Building targets in dependency order
note: Target dependency graph (3 targets)
    Target 'LearnUITests' in project 'Learn'
        ➜ Explicit dependency on target 'Learn' in project 'Learn'
    Target 'LearnTests' in project 'Learn'
        ➜ Explicit dependency on target 'Learn' in project 'Learn'
    Target 'Learn' in project 'Learn' (no dependencies)

Building targets in dependency order

Target dependency graph (3 targets)

GatherProvisioningInputs

CreateBuildDescription

Build description signature: c5f3eaa3c4c2bd82e1d6a95441f4de55
Build description path: /Users/mccannstuart/Library/Developer/Xcode/DerivedData/Learn-ezkbkxfrsguzbrebgqiodtxdlwcn/Build/Intermediates.noindex/XCBuildData/c5f3eaa3c4c2bd82e1d6a95441f4de55.xcbuilddata

ExecuteExternalTool /Applications/Xcode.app/Contents/Developer/Toolchains/XcodeDefault.xctoolchain/usr/bin/clang -v -E -dM -isysroot /Applications/Xcode.app/Contents/Developer/Platforms/iPhoneSimulator.platform/Developer/SDKs/iPhoneSimulator26.2.sdk -x c -c /dev/null

ExecuteExternalTool /Applications/Xcode.app/Contents/Developer/Toolchains/XcodeDefault.xctoolchain/usr/bin/swiftc --version

ExecuteExternalTool /Applications/Xcode.app/Contents/Developer/usr/bin/actool --print-asset-tag-combinations --output-format xml1 /Users/mccannstuart/Library/CloudStorage/OneDrive-TheBostonConsultingGroup,Inc/Documents/GitHub/BorderLog/Learn/Assets.xcassets

ExecuteExternalTool /Applications/Xcode.app/Contents/Developer/usr/bin/actool --version --output-format xml1

ExecuteExternalTool /Applications/Xcode.app/Contents/Developer/Toolchains/XcodeDefault.xctoolchain/usr/bin/ld -version_details

ClangStatCache /Applications/Xcode.app/Contents/Developer/Toolchains/XcodeDefault.xctoolchain/usr/bin/clang-stat-cache /Applications/Xcode.app/Contents/Developer/Platforms/iPhoneSimulator.platform/Developer/SDKs/iPhoneSimulator26.2.sdk /Users/mccannstuart/Library/Developer/Xcode/DerivedData/SDKStatCaches.noindex/iphonesimulator26.2-23C57-e8867d0c40613ffc63e0238af232dc507d00a8b37fbd7999ea79df8ebc024bf0.sdkstatcache
    cd /Users/mccannstuart/Library/CloudStorage/OneDrive-TheBostonConsultingGroup,Inc/Documents/GitHub/BorderLog/Learn.xcodeproj
    /Applications/Xcode.app/Contents/Developer/Toolchains/XcodeDefault.xctoolchain/usr/bin/clang-stat-cache /Applications/Xcode.app/Contents/Developer/Platforms/iPhoneSimulator.platform/Developer/SDKs/iPhoneSimulator26.2.sdk -o /Users/mccannstuart/Library/Developer/Xcode/DerivedData/SDKStatCaches.noindex/iphonesimulator26.2-23C57-e8867d0c40613ffc63e0238af232dc507d00a8b37fbd7999ea79df8ebc024bf0.sdkstatcache

GenerateAssetSymbols /Users/mccannstuart/Library/CloudStorage/OneDrive-TheBostonConsultingGroup,Inc/Documents/GitHub/BorderLog/Learn/Assets.xcassets (in target 'Learn' from project 'Learn')
    cd /Users/mccannstuart/Library/CloudStorage/OneDrive-TheBostonConsultingGroup,Inc/Documents/GitHub/BorderLog
    /Applications/Xcode.app/Contents/Developer/usr/bin/actool /Users/mccannstuart/Library/CloudStorage/OneDrive-TheBostonConsultingGroup,Inc/Documents/GitHub/BorderLog/Learn/Assets.xcassets --compile /Users/mccannstuart/Library/Developer/Xcode/DerivedData/Learn-ezkbkxfrsguzbrebgqiodtxdlwcn/Build/Products/Debug-iphoneos/Learn.app --output-format human-readable-text --notices --warnings --export-dependency-info /Users/mccannstuart/Library/Developer/Xcode/DerivedData/Learn-ezkbkxfrsguzbrebgqiodtxdlwcn/Build/Intermediates.noindex/Learn.build/Debug-iphoneos/Learn.build/assetcatalog_dependencies --output-partial-info-plist /Users/mccannstuart/Library/Developer/Xcode/DerivedData/Learn-ezkbkxfrsguzbrebgqiodtxdlwcn/Build/Intermediates.noindex/Learn.build/Debug-iphoneos/Learn.build/assetcatalog_generated_info.plist --app-icon AppIcon --accent-color AccentColor --compress-pngs --enable-on-demand-resources YES --development-region en --target-device iphone --minimum-deployment-target 26.2 --platform iphoneos --bundle-identifier borderless1001 --generate-swift-asset-symbols /Users/mccannstuart/Library/Developer/Xcode/DerivedData/Learn-ezkbkxfrsguzbrebgqiodtxdlwcn/Build/Intermediates.noindex/Learn.build/Debug-iphoneos/Learn.build/DerivedSources/GeneratedAssetSymbols.swift --generate-objc-asset-symbols /Users/mccannstuart/Library/Developer/Xcode/DerivedData/Learn-ezkbkxfrsguzbrebgqiodtxdlwcn/Build/Intermediates.noindex/Learn.build/Debug-iphoneos/Learn.build/DerivedSources/GeneratedAssetSymbols.h --generate-asset-symbol-index /Users/mccannstuart/Library/Developer/Xcode/DerivedData/Learn-ezkbkxfrsguzbrebgqiodtxdlwcn/Build/Intermediates.noindex/Learn.build/Debug-iphoneos/Learn.build/DerivedSources/GeneratedAssetSymbols-Index.plist

/* com.apple.actool.compilation-results */
/Users/mccannstuart/Library/Developer/Xcode/DerivedData/Learn-ezkbkxfrsguzbrebgqiodtxdlwcn/Build/Intermediates.noindex/Learn.build/Debug-iphoneos/Learn.build/DerivedSources/GeneratedAssetSymbols-Index.plist
/Users/mccannstuart/Library/Developer/Xcode/DerivedData/Learn-ezkbkxfrsguzbrebgqiodtxdlwcn/Build/Intermediates.noindex/Learn.build/Debug-iphoneos/Learn.build/DerivedSources/GeneratedAssetSymbols.h
/Users/mccannstuart/Library/Developer/Xcode/DerivedData/Learn-ezkbkxfrsguzbrebgqiodtxdlwcn/Build/Intermediates.noindex/Learn.build/Debug-iphoneos/Learn.build/DerivedSources/GeneratedAssetSymbols.swift


LinkAssetCatalog /Users/mccannstuart/Library/CloudStorage/OneDrive-TheBostonConsultingGroup,Inc/Documents/GitHub/BorderLog/Learn/Assets.xcassets (in target 'Learn' from project 'Learn')
    cd /Users/mccannstuart/Library/CloudStorage/OneDrive-TheBostonConsultingGroup,Inc/Documents/GitHub/BorderLog
    builtin-linkAssetCatalog --thinned /Users/mccannstuart/Library/Developer/Xcode/DerivedData/Learn-ezkbkxfrsguzbrebgqiodtxdlwcn/Build/Intermediates.noindex/Learn.build/Debug-iphoneos/Learn.build/assetcatalog_output/thinned --thinned-dependencies /Users/mccannstuart/Library/Developer/Xcode/DerivedData/Learn-ezkbkxfrsguzbrebgqiodtxdlwcn/Build/Intermediates.noindex/Learn.build/Debug-iphoneos/Learn.build/assetcatalog_dependencies_thinned --thinned-info-plist-content /Users/mccannstuart/Library/Developer/Xcode/DerivedData/Learn-ezkbkxfrsguzbrebgqiodtxdlwcn/Build/Intermediates.noindex/Learn.build/Debug-iphoneos/Learn.build/assetcatalog_generated_info.plist_thinned --unthinned /Users/mccannstuart/Library/Developer/Xcode/DerivedData/Learn-ezkbkxfrsguzbrebgqiodtxdlwcn/Build/Intermediates.noindex/Learn.build/Debug-iphoneos/Learn.build/assetcatalog_output/unthinned --unthinned-dependencies /Users/mccannstuart/Library/Developer/Xcode/DerivedData/Learn-ezkbkxfrsguzbrebgqiodtxdlwcn/Build/Intermediates.noindex/Learn.build/Debug-iphoneos/Learn.build/assetcatalog_dependencies_unthinned --unthinned-info-plist-content /Users/mccannstuart/Library/Developer/Xcode/DerivedData/Learn-ezkbkxfrsguzbrebgqiodtxdlwcn/Build/Intermediates.noindex/Learn.build/Debug-iphoneos/Learn.build/assetcatalog_generated_info.plist_unthinned --output /Users/mccannstuart/Library/Developer/Xcode/DerivedData/Learn-ezkbkxfrsguzbrebgqiodtxdlwcn/Build/Products/Debug-iphoneos/Learn.app --plist-output /Users/mccannstuart/Library/Developer/Xcode/DerivedData/Learn-ezkbkxfrsguzbrebgqiodtxdlwcn/Build/Intermediates.noindex/Learn.build/Debug-iphoneos/Learn.build/assetcatalog_generated_info.plist

ProcessInfoPlistFile /Users/mccannstuart/Library/Developer/Xcode/DerivedData/Learn-ezkbkxfrsguzbrebgqiodtxdlwcn/Build/Products/Debug-iphonesimulator/Learn.app/Info.plist /Users/mccannstuart/Library/Developer/Xcode/DerivedData/Learn-ezkbkxfrsguzbrebgqiodtxdlwcn/Build/Intermediates.noindex/Learn.build/Debug-iphonesimulator/Learn.build/empty-Learn.plist (in target 'Learn' from project 'Learn')
    cd /Users/mccannstuart/Library/CloudStorage/OneDrive-TheBostonConsultingGroup,Inc/Documents/GitHub/BorderLog
    builtin-infoPlistUtility /Users/mccannstuart/Library/Developer/Xcode/DerivedData/Learn-ezkbkxfrsguzbrebgqiodtxdlwcn/Build/Intermediates.noindex/Learn.build/Debug-iphonesimulator/Learn.build/empty-Learn.plist -producttype com.apple.product-type.application -genpkginfo /Users/mccannstuart/Library/Developer/Xcode/DerivedData/Learn-ezkbkxfrsguzbrebgqiodtxdlwcn/Build/Products/Debug-iphonesimulator/Learn.app/PkgInfo -expandbuildsettings -format binary -platform iphonesimulator -additionalcontentfile /Users/mccannstuart/Library/Developer/Xcode/DerivedData/Learn-ezkbkxfrsguzbrebgqiodtxdlwcn/Build/Intermediates.noindex/Learn.build/Debug-iphonesimulator/Learn.build/assetcatalog_generated_info.plist -o /Users/mccannstuart/Library/Developer/Xcode/DerivedData/Learn-ezkbkxfrsguzbrebgqiodtxdlwcn/Build/Products/Debug-iphonesimulator/Learn.app/Info.plist

SwiftDriver\ Compilation Learn normal arm64 com.apple.xcode.tools.swift.compiler (in target 'Learn' from project 'Learn')
    cd /Users/mccannstuart/Library/CloudStorage/OneDrive-TheBostonConsultingGroup,Inc/Documents/GitHub/BorderLog
    builtin-Swift-Compilation -- /Applications/Xcode.app/Contents/Developer/Toolchains/XcodeDefault.xctoolchain/usr/bin/swiftc -module-name Learn -Onone -enforce-exclusivity\=checked @/Users/mccannstuart/Library/Developer/Xcode/DerivedData/Learn-ezkbkxfrsguzbrebgqiodtxdlwcn/Build/Intermediates.noindex/Learn.build/Debug-iphoneos/Learn.build/Objects-normal/arm64/Learn.SwiftFileList -DDEBUG -default-isolation\=MainActor -enable-bare-slash-regex -enable-upcoming-feature DisableOutwardActorInference -enable-upcoming-feature InferSendableFromCaptures -enable-upcoming-feature GlobalActorIsolatedTypesUsability -enable-upcoming-feature MemberImportVisibility -enable-upcoming-feature InferIsolatedConformances -enable-upcoming-feature NonisolatedNonsendingByDefault -enable-experimental-feature DebugDescriptionMacro -sdk /Applications/Xcode.app/Contents/Developer/Platforms/iPhoneOS.platform/Developer/SDKs/iPhoneOS26.2.sdk -target arm64-apple-ios26.2 -g -module-cache-path /Users/mccannstuart/Library/Developer/Xcode/DerivedData/ModuleCache.noindex -Xfrontend -serialize-debugging-options -profile-coverage-mapping -profile-generate -enable-testing -index-store-path /Users/mccannstuart/Library/Developer/Xcode/DerivedData/Learn-ezkbkxfrsguzbrebgqiodtxdlwcn/Index.noindex/DataStore -swift-version 5 -I /Users/mccannstuart/Library/Developer/Xcode/DerivedData/Learn-ezkbkxfrsguzbrebgqiodtxdlwcn/Build/Products/Debug-iphoneos -F /Users/mccannstuart/Library/Developer/Xcode/DerivedData/Learn-ezkbkxfrsguzbrebgqiodtxdlwcn/Build/Products/Debug-iphoneos -emit-localized-strings -emit-localized-strings-path /Users/mccannstuart/Library/Developer/Xcode/DerivedData/Learn-ezkbkxfrsguzbrebgqiodtxdlwcn/Build/Intermediates.noindex/Learn.build/Debug-iphoneos/Learn.build/Objects-normal/arm64 -c -j10 -enable-batch-mode -incremental -Xcc -ivfsstatcache -Xcc /Users/mccannstuart/Library/Developer/Xcode/DerivedData/SDKStatCaches.noindex/iphoneos26.2-23C57-e8867d0c40613ffc63e0238af232dc503794476bd08197c3e2abd9bb477ef7f7.sdkstatcache -output-file-map /Users/mccannstuart/Library/Developer/Xcode/DerivedData/Learn-ezkbkxfrsguzbrebgqiodtxdlwcn/Build/Intermediates.noindex/Learn.build/Debug-iphoneos/Learn.build/Objects-normal/arm64/Learn-OutputFileMap.json -use-frontend-parseable-output -save-temps -no-color-diagnostics -explicit-module-build -module-cache-path /Users/mccannstuart/Library/Developer/Xcode/DerivedData/Learn-ezkbkxfrsguzbrebgqiodtxdlwcn/Build/Intermediates.noindex/SwiftExplicitPrecompiledModules -clang-scanner-module-cache-path /Users/mccannstuart/Library/Developer/Xcode/DerivedData/ModuleCache.noindex -sdk-module-cache-path /Users/mccannstuart/Library/Developer/Xcode/DerivedData/ModuleCache.noindex -serialize-diagnostics -emit-dependencies -emit-module -emit-module-path /Users/mccannstuart/Library/Developer/Xcode/DerivedData/Learn-ezkbkxfrsguzbrebgqiodtxdlwcn/Build/Intermediates.noindex/Learn.build/Debug-iphoneos/Learn.build/Objects-normal/arm64/Learn.swiftmodule -validate-clang-modules-once -clang-build-session-file /Users/mccannstuart/Library/Developer/Xcode/DerivedData/ModuleCache.noindex/Session.modulevalidation -Xcc -I/Users/mccannstuart/Library/Developer/Xcode/DerivedData/Learn-ezkbkxfrsguzbrebgqiodtxdlwcn/Build/Intermediates.noindex/Learn.build/Debug-iphoneos/Learn.build/swift-overrides.hmap -emit-const-values -Xfrontend -const-gather-protocols-file -Xfrontend /Users/mccannstuart/Library/Developer/Xcode/DerivedData/Learn-ezkbkxfrsguzbrebgqiodtxdlwcn/Build/Intermediates.noindex/Learn.build/Debug-iphoneos/Learn.build/Objects-normal/arm64/Learn_const_extract_protocols.json -Xcc -iquote -Xcc /Users/mccannstuart/Library/Developer/Xcode/DerivedData/Learn-ezkbkxfrsguzbrebgqiodtxdlwcn/Build/Intermediates.noindex/Learn.build/Debug-iphoneos/Learn.build/Learn-generated-files.hmap -Xcc -I/Users/mccannstuart/Library/Developer/Xcode/DerivedData/Learn-ezkbkxfrsguzbrebgqiodtxdlwcn/Build/Intermediates.noindex/Learn.build/Debug-iphoneos/Learn.build/Learn-own-target-headers.hmap -Xcc -I/Users/mccannstuart/Library/Developer/Xcode/DerivedData/Learn-ezkbkxfrsguzbrebgqiodtxdlwcn/Build/Intermediates.noindex/Learn.build/Debug-iphoneos/Learn.build/Learn-all-target-headers.hmap -Xcc -iquote -Xcc /Users/mccannstuart/Library/Developer/Xcode/DerivedData/Learn-ezkbkxfrsguzbrebgqiodtxdlwcn/Build/Intermediates.noindex/Learn.build/Debug-iphoneos/Learn.build/Learn-project-headers.hmap -Xcc -I/Users/mccannstuart/Library/Developer/Xcode/DerivedData/Learn-ezkbkxfrsguzbrebgqiodtxdlwcn/Build/Products/Debug-iphoneos/include -Xcc -I/Users/mccannstuart/Library/Developer/Xcode/DerivedData/Learn-ezkbkxfrsguzbrebgqiodtxdlwcn/Build/Intermediates.noindex/Learn.build/Debug-iphoneos/Learn.build/DerivedSources-normal/arm64 -Xcc -I/Users/mccannstuart/Library/Developer/Xcode/DerivedData/Learn-ezkbkxfrsguzbrebgqiodtxdlwcn/Build/Intermediates.noindex/Learn.build/Debug-iphoneos/Learn.build/DerivedSources/arm64 -Xcc -I/Users/mccannstuart/Library/Developer/Xcode/DerivedData/Learn-ezkbkxfrsguzbrebgqiodtxdlwcn/Build/Intermediates.noindex/Learn.build/Debug-iphoneos/Learn.build/DerivedSources -Xcc -DDEBUG\=1 -emit-objc-header -emit-objc-header-path /Users/mccannstuart/Library/Developer/Xcode/DerivedData/Learn-ezkbkxfrsguzbrebgqiodtxdlwcn/Build/Intermediates.noindex/Learn.build/Debug-iphoneos/Learn.build/Objects-normal/arm64/Learn-Swift.h -working-directory /Users/mccannstuart/Library/CloudStorage/OneDrive-TheBostonConsultingGroup,Inc/Documents/GitHub/BorderLog -experimental-emit-module-separately -disable-cmo

SwiftDriver\ Compilation\ Requirements Learn normal arm64 com.apple.xcode.tools.swift.compiler (in target 'Learn' from project 'Learn')
    cd /Users/mccannstuart/Library/CloudStorage/OneDrive-TheBostonConsultingGroup,Inc/Documents/GitHub/BorderLog
    builtin-Swift-Compilation-Requirements -- /Applications/Xcode.app/Contents/Developer/Toolchains/XcodeDefault.xctoolchain/usr/bin/swiftc -module-name Learn -Onone -enforce-exclusivity\=checked @/Users/mccannstuart/Library/Developer/Xcode/DerivedData/Learn-ezkbkxfrsguzbrebgqiodtxdlwcn/Build/Intermediates.noindex/Learn.build/Debug-iphoneos/Learn.build/Objects-normal/arm64/Learn.SwiftFileList -DDEBUG -default-isolation\=MainActor -enable-bare-slash-regex -enable-upcoming-feature DisableOutwardActorInference -enable-upcoming-feature InferSendableFromCaptures -enable-upcoming-feature GlobalActorIsolatedTypesUsability -enable-upcoming-feature MemberImportVisibility -enable-upcoming-feature InferIsolatedConformances -enable-upcoming-feature NonisolatedNonsendingByDefault -enable-experimental-feature DebugDescriptionMacro -sdk /Applications/Xcode.app/Contents/Developer/Platforms/iPhoneOS.platform/Developer/SDKs/iPhoneOS26.2.sdk -target arm64-apple-ios26.2 -g -module-cache-path /Users/mccannstuart/Library/Developer/Xcode/DerivedData/ModuleCache.noindex -Xfrontend -serialize-debugging-options -profile-coverage-mapping -profile-generate -enable-testing -index-store-path /Users/mccannstuart/Library/Developer/Xcode/DerivedData/Learn-ezkbkxfrsguzbrebgqiodtxdlwcn/Index.noindex/DataStore -swift-version 5 -I /Users/mccannstuart/Library/Developer/Xcode/DerivedData/Learn-ezkbkxfrsguzbrebgqiodtxdlwcn/Build/Products/Debug-iphoneos -F /Users/mccannstuart/Library/Developer/Xcode/DerivedData/Learn-ezkbkxfrsguzbrebgqiodtxdlwcn/Build/Products/Debug-iphoneos -emit-localized-strings -emit-localized-strings-path /Users/mccannstuart/Library/Developer/Xcode/DerivedData/Learn-ezkbkxfrsguzbrebgqiodtxdlwcn/Build/Intermediates.noindex/Learn.build/Debug-iphoneos/Learn.build/Objects-normal/arm64 -c -j10 -enable-batch-mode -incremental -Xcc -ivfsstatcache -Xcc /Users/mccannstuart/Library/Developer/Xcode/DerivedData/SDKStatCaches.noindex/iphoneos26.2-23C57-e8867d0c40613ffc63e0238af232dc503794476bd08197c3e2abd9bb477ef7f7.sdkstatcache -output-file-map /Users/mccannstuart/Library/Developer/Xcode/DerivedData/Learn-ezkbkxfrsguzbrebgqiodtxdlwcn/Build/Intermediates.noindex/Learn.build/Debug-iphoneos/Learn.build/Objects-normal/arm64/Learn-OutputFileMap.json -use-frontend-parseable-output -save-temps -no-color-diagnostics -explicit-module-build -module-cache-path /Users/mccannstuart/Library/Developer/Xcode/DerivedData/Learn-ezkbkxfrsguzbrebgqiodtxdlwcn/Build/Intermediates.noindex/SwiftExplicitPrecompiledModules -clang-scanner-module-cache-path /Users/mccannstuart/Library/Developer/Xcode/DerivedData/ModuleCache.noindex -sdk-module-cache-path /Users/mccannstuart/Library/Developer/Xcode/DerivedData/ModuleCache.noindex -serialize-diagnostics -emit-dependencies -emit-module -emit-module-path /Users/mccannstuart/Library/Developer/Xcode/DerivedData/Learn-ezkbkxfrsguzbrebgqiodtxdlwcn/Build/Intermediates.noindex/Learn.build/Debug-iphoneos/Learn.build/Objects-normal/arm64/Learn.swiftmodule -validate-clang-modules-once -clang-build-session-file /Users/mccannstuart/Library/Developer/Xcode/DerivedData/ModuleCache.noindex/Session.modulevalidation -Xcc -I/Users/mccannstuart/Library/Developer/Xcode/DerivedData/Learn-ezkbkxfrsguzbrebgqiodtxdlwcn/Build/Intermediates.noindex/Learn.build/Debug-iphoneos/Learn.build/swift-overrides.hmap -emit-const-values -Xfrontend -const-gather-protocols-file -Xfrontend /Users/mccannstuart/Library/Developer/Xcode/DerivedData/Learn-ezkbkxfrsguzbrebgqiodtxdlwcn/Build/Intermediates.noindex/Learn.build/Debug-iphoneos/Learn.build/Objects-normal/arm64/Learn_const_extract_protocols.json -Xcc -iquote -Xcc /Users/mccannstuart/Library/Developer/Xcode/DerivedData/Learn-ezkbkxfrsguzbrebgqiodtxdlwcn/Build/Intermediates.noindex/Learn.build/Debug-iphoneos/Learn.build/Learn-generated-files.hmap -Xcc -I/Users/mccannstuart/Library/Developer/Xcode/DerivedData/Learn-ezkbkxfrsguzbrebgqiodtxdlwcn/Build/Intermediates.noindex/Learn.build/Debug-iphoneos/Learn.build/Learn-own-target-headers.hmap -Xcc -I/Users/mccannstuart/Library/Developer/Xcode/DerivedData/Learn-ezkbkxfrsguzbrebgqiodtxdlwcn/Build/Intermediates.noindex/Learn.build/Debug-iphoneos/Learn.build/Learn-all-target-headers.hmap -Xcc -iquote -Xcc /Users/mccannstuart/Library/Developer/Xcode/DerivedData/Learn-ezkbkxfrsguzbrebgqiodtxdlwcn/Build/Intermediates.noindex/Learn.build/Debug-iphoneos/Learn.build/Learn-project-headers.hmap -Xcc -I/Users/mccannstuart/Library/Developer/Xcode/DerivedData/Learn-ezkbkxfrsguzbrebgqiodtxdlwcn/Build/Products/Debug-iphoneos/include -Xcc -I/Users/mccannstuart/Library/Developer/Xcode/DerivedData/Learn-ezkbkxfrsguzbrebgqiodtxdlwcn/Build/Intermediates.noindex/Learn.build/Debug-iphoneos/Learn.build/DerivedSources-normal/arm64 -Xcc -I/Users/mccannstuart/Library/Developer/Xcode/DerivedData/Learn-ezkbkxfrsguzbrebgqiodtxdlwcn/Build/Intermediates.noindex/Learn.build/Debug-iphoneos/Learn.build/DerivedSources/arm64 -Xcc -I/Users/mccannstuart/Library/Developer/Xcode/DerivedData/Learn-ezkbkxfrsguzbrebgqiodtxdlwcn/Build/Intermediates.noindex/Learn.build/Debug-iphoneos/Learn.build/DerivedSources -Xcc -DDEBUG\=1 -emit-objc-header -emit-objc-header-path /Users/mccannstuart/Library/Developer/Xcode/DerivedData/Learn-ezkbkxfrsguzbrebgqiodtxdlwcn/Build/Intermediates.noindex/Learn.build/Debug-iphoneos/Learn.build/Objects-normal/arm64/Learn-Swift.h -working-directory /Users/mccannstuart/Library/CloudStorage/OneDrive-TheBostonConsultingGroup,Inc/Documents/GitHub/BorderLog -experimental-emit-module-separately -disable-cmo

ExtractAppIntentsMetadata (in target 'Learn' from project 'Learn')
    cd /Users/mccannstuart/Library/CloudStorage/OneDrive-TheBostonConsultingGroup,Inc/Documents/GitHub/BorderLog
    /Applications/Xcode.app/Contents/Developer/Toolchains/XcodeDefault.xctoolchain/usr/bin/appintentsmetadataprocessor --toolchain-dir /var/run/com.apple.security.cryptexd/mnt/com.apple.MobileAsset.MetalToolchain-v17.3.519.0.Z2LHIP/Metal.xctoolchain --module-name Learn --sdk-root /Applications/Xcode.app/Contents/Developer/Platforms/iPhoneOS.platform/Developer/SDKs/iPhoneOS26.2.sdk --xcode-version 17C519 --platform-family iOS --deployment-target 26.2 --bundle-identifier borderless1001 --output /Users/mccannstuart/Library/Developer/Xcode/DerivedData/Learn-ezkbkxfrsguzbrebgqiodtxdlwcn/Build/Products/Debug-iphoneos/Learn.app --target-triple arm64-apple-ios26.2 --binary-file /Users/mccannstuart/Library/Developer/Xcode/DerivedData/Learn-ezkbkxfrsguzbrebgqiodtxdlwcn/Build/Products/Debug-iphoneos/Learn.app/Learn --dependency-file /Users/mccannstuart/Library/Developer/Xcode/DerivedData/Learn-ezkbkxfrsguzbrebgqiodtxdlwcn/Build/Intermediates.noindex/Learn.build/Debug-iphoneos/Learn.build/Objects-normal/arm64/Learn_dependency_info.dat --stringsdata-file /Users/mccannstuart/Library/Developer/Xcode/DerivedData/Learn-ezkbkxfrsguzbrebgqiodtxdlwcn/Build/Intermediates.noindex/Learn.build/Debug-iphoneos/Learn.build/Objects-normal/arm64/ExtractedAppShortcutsMetadata.stringsdata --source-file-list /Users/mccannstuart/Library/Developer/Xcode/DerivedData/Learn-ezkbkxfrsguzbrebgqiodtxdlwcn/Build/Intermediates.noindex/Learn.build/Debug-iphoneos/Learn.build/Objects-normal/arm64/Learn.SwiftFileList --metadata-file-list /Users/mccannstuart/Library/Developer/Xcode/DerivedData/Learn-ezkbkxfrsguzbrebgqiodtxdlwcn/Build/Intermediates.noindex/Learn.build/Debug-iphoneos/Learn.build/Learn.DependencyMetadataFileList --static-metadata-file-list /Users/mccannstuart/Library/Developer/Xcode/DerivedData/Learn-ezkbkxfrsguzbrebgqiodtxdlwcn/Build/Intermediates.noindex/Learn.build/Debug-iphoneos/Learn.build/Learn.DependencyStaticMetadataFileList --swift-const-vals-list /Users/mccannstuart/Library/Developer/Xcode/DerivedData/Learn-ezkbkxfrsguzbrebgqiodtxdlwcn/Build/Intermediates.noindex/Learn.build/Debug-iphoneos/Learn.build/Objects-normal/arm64/Learn.SwiftConstValuesFileList --compile-time-extraction --deployment-aware-processing --validate-assistant-intents --no-app-shortcuts-localization

2026-02-16 00:23:45.277 appintentsmetadataprocessor[29917:3219677] Starting appintentsmetadataprocessor export
2026-02-16 00:23:45.279 appintentsmetadataprocessor[29917:3219677] warning: Metadata extraction skipped. No AppIntents.framework dependency found.

AppIntentsSSUTraining (in target 'Learn' from project 'Learn')
    cd /Users/mccannstuart/Library/CloudStorage/OneDrive-TheBostonConsultingGroup,Inc/Documents/GitHub/BorderLog
    /Applications/Xcode.app/Contents/Developer/Toolchains/XcodeDefault.xctoolchain/usr/bin/appintentsnltrainingprocessor --infoplist-path /Users/mccannstuart/Library/Developer/Xcode/DerivedData/Learn-ezkbkxfrsguzbrebgqiodtxdlwcn/Build/Products/Debug-iphoneos/Learn.app/Info.plist --temp-dir-path /Users/mccannstuart/Library/Developer/Xcode/DerivedData/Learn-ezkbkxfrsguzbrebgqiodtxdlwcn/Build/Intermediates.noindex/Learn.build/Debug-iphoneos/Learn.build/ssu --bundle-id borderless1001 --product-path /Users/mccannstuart/Library/Developer/Xcode/DerivedData/Learn-ezkbkxfrsguzbrebgqiodtxdlwcn/Build/Products/Debug-iphoneos/Learn.app --extracted-metadata-path /Users/mccannstuart/Library/Developer/Xcode/DerivedData/Learn-ezkbkxfrsguzbrebgqiodtxdlwcn/Build/Products/Debug-iphoneos/Learn.app/Metadata.appintents --metadata-file-list /Users/mccannstuart/Library/Developer/Xcode/DerivedData/Learn-ezkbkxfrsguzbrebgqiodtxdlwcn/Build/Intermediates.noindex/Learn.build/Debug-iphoneos/Learn.build/Learn.DependencyMetadataFileList --archive-ssu-assets

2026-02-16 00:23:45.329 appintentsnltrainingprocessor[29918:3219684] Parsing options for appintentsnltrainingprocessor
2026-02-16 00:23:45.329 appintentsnltrainingprocessor[29918:3219684] No AppShortcuts found - Skipping.

CopySwiftLibs /Users/mccannstuart/Library/Developer/Xcode/DerivedData/Learn-ezkbkxfrsguzbrebgqiodtxdlwcn/Build/Products/Debug-iphonesimulator/Learn.app (in target 'Learn' from project 'Learn')
    cd /Users/mccannstuart/Library/CloudStorage/OneDrive-TheBostonConsultingGroup,Inc/Documents/GitHub/BorderLog
    builtin-swiftStdLibTool --copy --verbose --sign - --scan-executable /Users/mccannstuart/Library/Developer/Xcode/DerivedData/Learn-ezkbkxfrsguzbrebgqiodtxdlwcn/Build/Products/Debug-iphonesimulator/Learn.app/Learn.debug.dylib --scan-folder /Users/mccannstuart/Library/Developer/Xcode/DerivedData/Learn-ezkbkxfrsguzbrebgqiodtxdlwcn/Build/Products/Debug-iphonesimulator/Learn.app/Frameworks --scan-folder /Users/mccannstuart/Library/Developer/Xcode/DerivedData/Learn-ezkbkxfrsguzbrebgqiodtxdlwcn/Build/Products/Debug-iphonesimulator/Learn.app/PlugIns --scan-folder /Users/mccannstuart/Library/Developer/Xcode/DerivedData/Learn-ezkbkxfrsguzbrebgqiodtxdlwcn/Build/Products/Debug-iphonesimulator/Learn.app/SystemExtensions --scan-folder /Users/mccannstuart/Library/Developer/Xcode/DerivedData/Learn-ezkbkxfrsguzbrebgqiodtxdlwcn/Build/Products/Debug-iphonesimulator/Learn.app/Extensions --platform iphonesimulator --toolchain /var/run/com.apple.security.cryptexd/mnt/com.apple.MobileAsset.MetalToolchain-v17.3.519.0.Z2LHIP/Metal.xctoolchain --toolchain /Applications/Xcode.app/Contents/Developer/Toolchains/XcodeDefault.xctoolchain --destination /Users/mccannstuart/Library/Developer/Xcode/DerivedData/Learn-ezkbkxfrsguzbrebgqiodtxdlwcn/Build/Products/Debug-iphonesimulator/Learn.app/Frameworks --strip-bitcode --strip-bitcode-tool /Applications/Xcode.app/Contents/Developer/Toolchains/XcodeDefault.xctoolchain/usr/bin/bitcode_strip --emit-dependency-info /Users/mccannstuart/Library/Developer/Xcode/DerivedData/Learn-ezkbkxfrsguzbrebgqiodtxdlwcn/Build/Intermediates.noindex/Learn.build/Debug-iphonesimulator/Learn.build/SwiftStdLibToolInputDependencies.dep --filter-for-swift-os

SwiftDriver LearnTests normal arm64 com.apple.xcode.tools.swift.compiler (in target 'LearnTests' from project 'Learn')
    cd /Users/mccannstuart/Library/CloudStorage/OneDrive-TheBostonConsultingGroup,Inc/Documents/GitHub/BorderLog
    builtin-SwiftDriver -- /Applications/Xcode.app/Contents/Developer/Toolchains/XcodeDefault.xctoolchain/usr/bin/swiftc -module-name LearnTests -Onone -enforce-exclusivity\=checked @/Users/mccannstuart/Library/Developer/Xcode/DerivedData/Learn-ezkbkxfrsguzbrebgqiodtxdlwcn/Build/Intermediates.noindex/Learn.build/Debug-iphonesimulator/LearnTests.build/Objects-normal/arm64/LearnTests.SwiftFileList -DDEBUG -plugin-path /Applications/Xcode.app/Contents/Developer/Toolchains/XcodeDefault.xctoolchain/usr/lib/swift/host/plugins/testing -enable-bare-slash-regex -enable-upcoming-feature DisableOutwardActorInference -enable-upcoming-feature InferSendableFromCaptures -enable-upcoming-feature GlobalActorIsolatedTypesUsability -enable-upcoming-feature MemberImportVisibility -enable-upcoming-feature InferIsolatedConformances -enable-upcoming-feature NonisolatedNonsendingByDefault -enable-experimental-feature DebugDescriptionMacro -sdk /Applications/Xcode.app/Contents/Developer/Platforms/iPhoneSimulator.platform/Developer/SDKs/iPhoneSimulator26.2.sdk -target arm64-apple-ios26.2-simulator -g -module-cache-path /Users/mccannstuart/Library/Developer/Xcode/DerivedData/ModuleCache.noindex -Xfrontend -serialize-debugging-options -profile-coverage-mapping -profile-generate -enable-testing -index-store-path /Users/mccannstuart/Library/Developer/Xcode/DerivedData/Learn-ezkbkxfrsguzbrebgqiodtxdlwcn/Index.noindex/DataStore -swift-version 5 -I /Users/mccannstuart/Library/Developer/Xcode/DerivedData/Learn-ezkbkxfrsguzbrebgqiodtxdlwcn/Build/Products/Debug-iphonesimulator -Isystem /Applications/Xcode.app/Contents/Developer/Platforms/iPhoneSimulator.platform/Developer/usr/lib -F /Users/mccannstuart/Library/Developer/Xcode/DerivedData/Learn-ezkbkxfrsguzbrebgqiodtxdlwcn/Build/Products/Debug-iphonesimulator -F /Applications/Xcode.app/Contents/Developer/Platforms/iPhoneSimulator.platform/Developer/Library/Frameworks -F /Applications/Xcode.app/Contents/Developer/Platforms/iPhoneSimulator.platform/Developer/SDKs/iPhoneSimulator26.2.sdk/Developer/Library/Frameworks -c -j10 -enable-batch-mode -incremental -Xcc -ivfsstatcache -Xcc /Users/mccannstuart/Library/Developer/Xcode/DerivedData/SDKStatCaches.noindex/iphonesimulator26.2-23C57-e8867d0c40613ffc63e0238af232dc507d00a8b37fbd7999ea79df8ebc024bf0.sdkstatcache -output-file-map /Users/mccannstuart/Library/Developer/Xcode/DerivedData/Learn-ezkbkxfrsguzbrebgqiodtxdlwcn/Build/Intermediates.noindex/Learn.build/Debug-iphonesimulator/LearnTests.build/Objects-normal/arm64/LearnTests-OutputFileMap.json -use-frontend-parseable-output -save-temps -no-color-diagnostics -explicit-module-build -module-cache-path /Users/mccannstuart/Library/Developer/Xcode/DerivedData/Learn-ezkbkxfrsguzbrebgqiodtxdlwcn/Build/Intermediates.noindex/SwiftExplicitPrecompiledModules -clang-scanner-module-cache-path /Users/mccannstuart/Library/Developer/Xcode/DerivedData/ModuleCache.noindex -sdk-module-cache-path /Users/mccannstuart/Library/Developer/Xcode/DerivedData/ModuleCache.noindex -serialize-diagnostics -emit-dependencies -emit-module -emit-module-path /Users/mccannstuart/Library/Developer/Xcode/DerivedData/Learn-ezkbkxfrsguzbrebgqiodtxdlwcn/Build/Intermediates.noindex/Learn.build/Debug-iphonesimulator/LearnTests.build/Objects-normal/arm64/LearnTests.swiftmodule -validate-clang-modules-once -clang-build-session-file /Users/mccannstuart/Library/Developer/Xcode/DerivedData/ModuleCache.noindex/Session.modulevalidation -Xcc -I/Users/mccannstuart/Library/Developer/Xcode/DerivedData/Learn-ezkbkxfrsguzbrebgqiodtxdlwcn/Build/Intermediates.noindex/Learn.build/Debug-iphonesimulator/LearnTests.build/swift-overrides.hmap -emit-const-values -Xfrontend -const-gather-protocols-file -Xfrontend /Users/mccannstuart/Library/Developer/Xcode/DerivedData/Learn-ezkbkxfrsguzbrebgqiodtxdlwcn/Build/Intermediates.noindex/Learn.build/Debug-iphonesimulator/LearnTests.build/Objects-normal/arm64/LearnTests_const_extract_protocols.json -Xcc -iquote -Xcc /Users/mccannstuart/Library/Developer/Xcode/DerivedData/Learn-ezkbkxfrsguzbrebgqiodtxdlwcn/Build/Intermediates.noindex/Learn.build/Debug-iphonesimulator/LearnTests.build/LearnTests-generated-files.hmap -Xcc -I/Users/mccannstuart/Library/Developer/Xcode/DerivedData/Learn-ezkbkxfrsguzbrebgqiodtxdlwcn/Build/Intermediates.noindex/Learn.build/Debug-iphonesimulator/LearnTests.build/LearnTests-own-target-headers.hmap -Xcc -I/Users/mccannstuart/Library/Developer/Xcode/DerivedData/Learn-ezkbkxfrsguzbrebgqiodtxdlwcn/Build/Intermediates.noindex/Learn.build/Debug-iphonesimulator/LearnTests.build/LearnTests-all-target-headers.hmap -Xcc -iquote -Xcc /Users/mccannstuart/Library/Developer/Xcode/DerivedData/Learn-ezkbkxfrsguzbrebgqiodtxdlwcn/Build/Intermediates.noindex/Learn.build/Debug-iphonesimulator/LearnTests.build/LearnTests-project-headers.hmap -Xcc -I/Users/mccannstuart/Library/Developer/Xcode/DerivedData/Learn-ezkbkxfrsguzbrebgqiodtxdlwcn/Build/Products/Debug-iphonesimulator/include -Xcc -I/Users/mccannstuart/Library/Developer/Xcode/DerivedData/Learn-ezkbkxfrsguzbrebgqiodtxdlwcn/Build/Intermediates.noindex/Learn.build/Debug-iphonesimulator/LearnTests.build/DerivedSources-normal/arm64 -Xcc -I/Users/mccannstuart/Library/Developer/Xcode/DerivedData/Learn-ezkbkxfrsguzbrebgqiodtxdlwcn/Build/Intermediates.noindex/Learn.build/Debug-iphonesimulator/LearnTests.build/DerivedSources/arm64 -Xcc -I/Users/mccannstuart/Library/Developer/Xcode/DerivedData/Learn-ezkbkxfrsguzbrebgqiodtxdlwcn/Build/Intermediates.noindex/Learn.build/Debug-iphonesimulator/LearnTests.build/DerivedSources -Xcc -DDEBUG\=1 -emit-objc-header -emit-objc-header-path /Users/mccannstuart/Library/Developer/Xcode/DerivedData/Learn-ezkbkxfrsguzbrebgqiodtxdlwcn/Build/Intermediates.noindex/Learn.build/Debug-iphonesimulator/LearnTests.build/Objects-normal/arm64/LearnTests-Swift.h -working-directory /Users/mccannstuart/Library/CloudStorage/OneDrive-TheBostonConsultingGroup,Inc/Documents/GitHub/BorderLog -experimental-emit-module-separately -disable-cmo

ProcessInfoPlistFile /Users/mccannstuart/Library/Developer/Xcode/DerivedData/Learn-ezkbkxfrsguzbrebgqiodtxdlwcn/Build/Products/Debug-iphonesimulator/Learn.app/PlugIns/LearnTests.xctest/Info.plist /Users/mccannstuart/Library/Developer/Xcode/DerivedData/Learn-ezkbkxfrsguzbrebgqiodtxdlwcn/Build/Intermediates.noindex/Learn.build/Debug-iphonesimulator/LearnTests.build/empty-LearnTests.plist (in target 'LearnTests' from project 'Learn')
    cd /Users/mccannstuart/Library/CloudStorage/OneDrive-TheBostonConsultingGroup,Inc/Documents/GitHub/BorderLog
    builtin-infoPlistUtility /Users/mccannstuart/Library/Developer/Xcode/DerivedData/Learn-ezkbkxfrsguzbrebgqiodtxdlwcn/Build/Intermediates.noindex/Learn.build/Debug-iphonesimulator/LearnTests.build/empty-LearnTests.plist -producttype com.apple.product-type.bundle.unit-test -expandbuildsettings -format binary -platform iphonesimulator -o /Users/mccannstuart/Library/Developer/Xcode/DerivedData/Learn-ezkbkxfrsguzbrebgqiodtxdlwcn/Build/Products/Debug-iphonesimulator/Learn.app/PlugIns/LearnTests.xctest/Info.plist

SwiftCompile normal arm64 Compiling\ DayOverrideTests.swift /Users/mccannstuart/Library/CloudStorage/OneDrive-TheBostonConsultingGroup,Inc/Documents/GitHub/BorderLog/LearnTests/DayOverrideTests.swift (in target 'LearnTests' from project 'Learn')

SwiftCompile normal arm64 /Users/mccannstuart/Library/CloudStorage/OneDrive-TheBostonConsultingGroup,Inc/Documents/GitHub/BorderLog/LearnTests/DayOverrideTests.swift (in target 'LearnTests' from project 'Learn')
    cd /Users/mccannstuart/Library/CloudStorage/OneDrive-TheBostonConsultingGroup,Inc/Documents/GitHub/BorderLog
    

/Users/mccannstuart/Library/CloudStorage/OneDrive-TheBostonConsultingGroup,Inc/Documents/GitHub/BorderLog/LearnTests/DayOverrideTests.swift:26:32: warning: main actor-isolated conformance of 'DayOverride' to 'TravelEntry' cannot be used in nonisolated context; this is an error in the Swift 6 language mode
        XCTAssertTrue(override.displayTitle == "France")
                               ^
/Users/mccannstuart/Library/CloudStorage/OneDrive-TheBostonConsultingGroup,Inc/Documents/GitHub/BorderLog/LearnTests/DayOverrideTests.swift:36:32: warning: main actor-isolated conformance of 'DayOverride' to 'TravelEntry' cannot be used in nonisolated context; this is an error in the Swift 6 language mode
        XCTAssertTrue(override.displayTitle == "Spain")
                               ^
/Users/mccannstuart/Library/CloudStorage/OneDrive-TheBostonConsultingGroup,Inc/Documents/GitHub/BorderLog/LearnTests/DayOverrideTests.swift:46:32: warning: main actor-isolated conformance of 'DayOverride' to 'TravelEntry' cannot be used in nonisolated context; this is an error in the Swift 6 language mode
        XCTAssertTrue(override.displayTitle == "Italy")
                               ^
/Users/mccannstuart/Library/CloudStorage/OneDrive-TheBostonConsultingGroup,Inc/Documents/GitHub/BorderLog/LearnTests/DayOverrideTests.swift:56:32: warning: main actor-isolated conformance of 'DayOverride' to 'TravelEntry' cannot be used in nonisolated context; this is an error in the Swift 6 language mode
        XCTAssertTrue(override.displayTitle == "Germany (DE)")
                               ^
/Users/mccannstuart/Library/CloudStorage/OneDrive-TheBostonConsultingGroup,Inc/Documents/GitHub/BorderLog/LearnTests/DayOverrideTests.swift:66:32: warning: main actor-isolated conformance of 'DayOverride' to 'TravelEntry' cannot be used in nonisolated context; this is an error in the Swift 6 language mode
        XCTAssertTrue(override.displayTitle == "Portugal (PT)")
                               ^
/Users/mccannstuart/Library/CloudStorage/OneDrive-TheBostonConsultingGroup,Inc/Documents/GitHub/BorderLog/LearnTests/DayOverrideTests.swift:76:33: warning: main actor-isolated conformance of 'DayOverride' to 'TravelEntry' cannot be used in nonisolated context; this is an error in the Swift 6 language mode
         XCTAssertTrue(override.displayTitle == "Belgium (BE)")
                                ^

/Users/mccannstuart/Library/CloudStorage/OneDrive-TheBostonConsultingGroup,Inc/Documents/GitHub/BorderLog/LearnTests/DayOverrideTests.swift:26:32: Main actor-isolated conformance of 'DayOverride' to 'TravelEntry' cannot be used in nonisolated context; this is an error in the Swift 6 language mode

/Users/mccannstuart/Library/CloudStorage/OneDrive-TheBostonConsultingGroup,Inc/Documents/GitHub/BorderLog/LearnTests/DayOverrideTests.swift:36:32: Main actor-isolated conformance of 'DayOverride' to 'TravelEntry' cannot be used in nonisolated context; this is an error in the Swift 6 language mode

/Users/mccannstuart/Library/CloudStorage/OneDrive-TheBostonConsultingGroup,Inc/Documents/GitHub/BorderLog/LearnTests/DayOverrideTests.swift:46:32: Main actor-isolated conformance of 'DayOverride' to 'TravelEntry' cannot be used in nonisolated context; this is an error in the Swift 6 language mode

/Users/mccannstuart/Library/CloudStorage/OneDrive-TheBostonConsultingGroup,Inc/Documents/GitHub/BorderLog/LearnTests/DayOverrideTests.swift:56:32: Main actor-isolated conformance of 'DayOverride' to 'TravelEntry' cannot be used in nonisolated context; this is an error in the Swift 6 language mode

/Users/mccannstuart/Library/CloudStorage/OneDrive-TheBostonConsultingGroup,Inc/Documents/GitHub/BorderLog/LearnTests/DayOverrideTests.swift:66:32: Main actor-isolated conformance of 'DayOverride' to 'TravelEntry' cannot be used in nonisolated context; this is an error in the Swift 6 language mode

/Users/mccannstuart/Library/CloudStorage/OneDrive-TheBostonConsultingGroup,Inc/Documents/GitHub/BorderLog/LearnTests/DayOverrideTests.swift:76:33: Main actor-isolated conformance of 'DayOverride' to 'TravelEntry' cannot be used in nonisolated context; this is an error in the Swift 6 language mode

SwiftCompile normal arm64 Compiling\ LearnTests.swift /Users/mccannstuart/Library/CloudStorage/OneDrive-TheBostonConsultingGroup,Inc/Documents/GitHub/BorderLog/LearnTests/LearnTests.swift (in target 'LearnTests' from project 'Learn')

Failed frontend command:
/Applications/Xcode.app/Contents/Developer/Toolchains/XcodeDefault.xctoolchain/usr/bin/swift-frontend -frontend -c /Users/mccannstuart/Library/CloudStorage/OneDrive-TheBostonConsultingGroup,Inc/Documents/GitHub/BorderLog/LearnTests/DataManagerTests.swift /Users/mccannstuart/Library/CloudStorage/OneDrive-TheBostonConsultingGroup,Inc/Documents/GitHub/BorderLog/LearnTests/DayOverrideTests.swift /Users/mccannstuart/Library/CloudStorage/OneDrive-TheBostonConsultingGroup,Inc/Documents/GitHub/BorderLog/LearnTests/DayOverrideValidationTests.swift -primary-file /Users/mccannstuart/Library/CloudStorage/OneDrive-TheBostonConsultingGroup,Inc/Documents/GitHub/BorderLog/LearnTests/LearnTests.swift /Users/mccannstuart/Library/CloudStorage/OneDrive-TheBostonConsultingGroup,Inc/Documents/GitHub/BorderLog/LearnTests/PerformanceTests.swift /Users/mccannstuart/Library/CloudStorage/OneDrive-TheBostonConsultingGroup,Inc/Documents/GitHub/BorderLog/LearnTests/StayDurationTests.swift /Users/mccannstuart/Library/CloudStorage/OneDrive-TheBostonConsultingGroup,Inc/Documents/GitHub/BorderLog/LearnTests/StayTests.swift /Users/mccannstuart/Library/CloudStorage/OneDrive-TheBostonConsultingGroup,Inc/Documents/GitHub/BorderLog/LearnTests/StayValidationTests.swift /Users/mccannstuart/Library/CloudStorage/OneDrive-TheBostonConsultingGroup,Inc/Documents/GitHub/BorderLog/LearnTests/TravelEntryTests.swift -emit-dependencies-path /Users/mccannstuart/Library/Developer/Xcode/DerivedData/Learn-ezkbkxfrsguzbrebgqiodtxdlwcn/Build/Intermediates.noindex/Learn.build/Debug-iphonesimulator/LearnTests.build/Objects-normal/arm64/LearnTests.d -emit-const-values-path /Users/mccannstuart/Library/Developer/Xcode/DerivedData/Learn-ezkbkxfrsguzbrebgqiodtxdlwcn/Build/Intermediates.noindex/Learn.build/Debug-iphonesimulator/LearnTests.build/Objects-normal/arm64/LearnTests.swiftconstvalues -emit-reference-dependencies-path /Users/mccannstuart/Library/Developer/Xcode/DerivedData/Learn-ezkbkxfrsguzbrebgqiodtxdlwcn/Build/Intermediates.noindex/Learn.build/Debug-iphonesimulator/LearnTests.build/Objects-normal/arm64/LearnTests.swiftdeps -serialize-diagnostics-path /Users/mccannstuart/Library/Developer/Xcode/DerivedData/Learn-ezkbkxfrsguzbrebgqiodtxdlwcn/Build/Intermediates.noindex/Learn.build/Debug-iphonesimulator/LearnTests.build/Objects-normal/arm64/LearnTests.dia -target arm64-apple-ios26.2-simulator -load-resolved-plugin /Applications/Xcode.app/Contents/Developer/Platforms/iPhoneOS.platform/Developer/usr/lib/swift/host/plugins/libFoundationMacros.dylib\#/Applications/Xcode.app/Contents/Developer/Platforms/iPhoneOS.platform/Developer/usr/bin/swift-plugin-server\#FoundationMacros -load-resolved-plugin /Applications/Xcode.app/Contents/Developer/Platforms/iPhoneOS.platform/Developer/usr/lib/swift/host/plugins/libObservationMacros.dylib\#/Applications/Xcode.app/Contents/Developer/Platforms/iPhoneOS.platform/Developer/usr/bin/swift-plugin-server\#ObservationMacros -load-resolved-plugin /Applications/Xcode.app/Contents/Developer/Platforms/iPhoneOS.platform/Developer/usr/lib/swift/host/plugins/libPreviewsMacros.dylib\#/Applications/Xcode.app/Contents/Developer/Platforms/iPhoneOS.platform/Developer/usr/bin/swift-plugin-server\#PreviewsMacros -load-resolved-plugin /Applications/Xcode.app/Contents/Developer/Platforms/iPhoneOS.platform/Developer/usr/lib/swift/host/plugins/libSwiftDataMacros.dylib\#/Applications/Xcode.app/Contents/Developer/Platforms/iPhoneOS.platform/Developer/usr/bin/swift-plugin-server\#SwiftDataMacros -load-resolved-plugin /Applications/Xcode.app/Contents/Developer/Platforms/iPhoneOS.platform/Developer/usr/lib/swift/host/plugins/libSwiftMacros.dylib\#/Applications/Xcode.app/Contents/Developer/Platforms/iPhoneOS.platform/Developer/usr/bin/swift-plugin-server\#SwiftMacros -load-resolved-plugin /Applications/Xcode.app/Contents/Developer/Platforms/iPhoneOS.platform/Developer/usr/lib/swift/host/plugins/libSwiftUIMacros.dylib\#/Applications/Xcode.app/Contents/Developer/Platforms/iPhoneOS.platform/Developer/usr/bin/swift-plugin-server\#SwiftUIMacros -disable-implicit-swift-modules -Xcc -fno-implicit-modules -Xcc -fno-implicit-module-maps -explicit-swift-module-map-file /Users/mccannstuart/Library/Developer/Xcode/DerivedData/Learn-ezkbkxfrsguzbrebgqiodtxdlwcn/Build/Intermediates.noindex/Learn.build/Debug-iphonesimulator/LearnTests.build/Objects-normal/arm64/LearnTests-dependencies-1.json -Xllvm -aarch64-use-tbi -enable-objc-interop -sdk /Applications/Xcode.app/Contents/Developer/Platforms/iPhoneSimulator.platform/Developer/SDKs/iPhoneSimulator26.2.sdk -I /Users/mccannstuart/Library/Developer/Xcode/DerivedData/Learn-ezkbkxfrsguzbrebgqiodtxdlwcn/Build/Products/Debug-iphonesimulator -Isystem /Applications/Xcode.app/Contents/Developer/Platforms/iPhoneSimulator.platform/Developer/usr/lib -F /Users/mccannstuart/Library/Developer/Xcode/DerivedData/Learn-ezkbkxfrsguzbrebgqiodtxdlwcn/Build/Products/Debug-iphonesimulator -F /Applications/Xcode.app/Contents/Developer/Platforms/iPhoneSimulator.platform/Developer/Library/Frameworks -F /Applications/Xcode.app/Contents/Developer/Platforms/iPhoneSimulator.platform/Developer/SDKs/iPhoneSimulator26.2.sdk/Developer/Library/Frameworks -no-color-diagnostics -Xcc -fno-color-diagnostics -enable-testing -g -debug-info-format\=dwarf -dwarf-version\=5 -module-cache-path /Users/mccannstuart/Library/Developer/Xcode/DerivedData/Learn-ezkbkxfrsguzbrebgqiodtxdlwcn/Build/Intermediates.noindex/SwiftExplicitPrecompiledModules -profile-generate -profile-coverage-mapping -swift-version 5 -enforce-exclusivity\=checked -Onone -D DEBUG -serialize-debugging-options -const-gather-protocols-file /Users/mccannstuart/Library/Developer/Xcode/DerivedData/Learn-ezkbkxfrsguzbrebgqiodtxdlwcn/Build/Intermediates.noindex/Learn.build/Debug-iphonesimulator/LearnTests.build/Objects-normal/arm64/LearnTests_const_extract_protocols.json -enable-upcoming-feature DisableOutwardActorInference -enable-upcoming-feature InferSendableFromCaptures -enable-upcoming-feature GlobalActorIsolatedTypesUsability -enable-upcoming-feature MemberImportVisibility -enable-upcoming-feature InferIsolatedConformances -enable-upcoming-feature NonisolatedNonsendingByDefault -enable-experimental-feature DebugDescriptionMacro -enable-bare-slash-regex -empty-abi-descriptor -validate-clang-modules-once -clang-build-session-file /Users/mccannstuart/Library/Developer/Xcode/DerivedData/ModuleCache.noindex/Session.modulevalidation -Xcc -working-directory -Xcc /Users/mccannstuart/Library/CloudStorage/OneDrive-TheBostonConsultingGroup,Inc/Documents/GitHub/BorderLog -enable-anonymous-context-mangled-names -file-compilation-dir /Users/mccannstuart/Library/CloudStorage/OneDrive-TheBostonConsultingGroup,Inc/Documents/GitHub/BorderLog -Xcc -ivfsstatcache -Xcc /Users/mccannstuart/Library/Developer/Xcode/DerivedData/SDKStatCaches.noindex/iphonesimulator26.2-23C57-e8867d0c40613ffc63e0238af232dc507d00a8b37fbd7999ea79df8ebc024bf0.sdkstatcache -Xcc -I/Users/mccannstuart/Library/Developer/Xcode/DerivedData/Learn-ezkbkxfrsguzbrebgqiodtxdlwcn/Build/Intermediates.noindex/Learn.build/Debug-iphonesimulator/LearnTests.build/swift-overrides.hmap -Xcc -iquote -Xcc /Users/mccannstuart/Library/Developer/Xcode/DerivedData/Learn-ezkbkxfrsguzbrebgqiodtxdlwcn/Build/Intermediates.noindex/Learn.build/Debug-iphonesimulator/LearnTests.build/LearnTests-generated-files.hmap -Xcc -I/Users/mccannstuart/Library/Developer/Xcode/DerivedData/Learn-ezkbkxfrsguzbrebgqiodtxdlwcn/Build/Intermediates.noindex/Learn.build/Debug-iphonesimulator/LearnTests.build/LearnTests-own-target-headers.hmap -Xcc -I/Users/mccannstuart/Library/Developer/Xcode/DerivedData/Learn-ezkbkxfrsguzbrebgqiodtxdlwcn/Build/Intermediates.noindex/Learn.build/Debug-iphonesimulator/LearnTests.build/LearnTests-all-target-headers.hmap -Xcc -iquote -Xcc /Users/mccannstuart/Library/Developer/Xcode/DerivedData/Learn-ezkbkxfrsguzbrebgqiodtxdlwcn/Build/Intermediates.noindex/Learn.build/Debug-iphonesimulator/LearnTests.build/LearnTests-project-headers.hmap -Xcc -I/Users/mccannstuart/Library/Developer/Xcode/DerivedData/Learn-ezkbkxfrsguzbrebgqiodtxdlwcn/Build/Products/Debug-iphonesimulator/include -Xcc -I/Users/mccannstuart/Library/Developer/Xcode/DerivedData/Learn-ezkbkxfrsguzbrebgqiodtxdlwcn/Build/Intermediates.noindex/Learn.build/Debug-iphonesimulator/LearnTests.build/DerivedSources-normal/arm64 -Xcc -I/Users/mccannstuart/Library/Developer/Xcode/DerivedData/Learn-ezkbkxfrsguzbrebgqiodtxdlwcn/Build/Intermediates.noindex/Learn.build/Debug-iphonesimulator/LearnTests.build/DerivedSources/arm64 -Xcc -I/Users/mccannstuart/Library/Developer/Xcode/DerivedData/Learn-ezkbkxfrsguzbrebgqiodtxdlwcn/Build/Intermediates.noindex/Learn.build/Debug-iphonesimulator/LearnTests.build/DerivedSources -Xcc -DDEBUG\=1 -no-auto-bridging-header-chaining -module-name LearnTests -frontend-parseable-output -disable-clang-spi -target-sdk-version 26.2 -target-sdk-name iphonesimulator26.2 -clang-target arm64-apple-ios26.2-simulator -in-process-plugin-server-path /Applications/Xcode.app/Contents/Developer/Toolchains/XcodeDefault.xctoolchain/usr/lib/swift/host/libSwiftInProcPluginServer.dylib -o /Users/mccannstuart/Library/Developer/Xcode/DerivedData/Learn-ezkbkxfrsguzbrebgqiodtxdlwcn/Build/Intermediates.noindex/Learn.build/Debug-iphonesimulator/LearnTests.build/Objects-normal/arm64/LearnTests.o -index-unit-output-path /Learn.build/Debug-iphonesimulator/LearnTests.build/Objects-normal/arm64/LearnTests.o -index-store-path /Users/mccannstuart/Library/Developer/Xcode/DerivedData/Learn-ezkbkxfrsguzbrebgqiodtxdlwcn/Index.noindex/DataStore -index-system-modules

SwiftCompile normal arm64 /Users/mccannstuart/Library/CloudStorage/OneDrive-TheBostonConsultingGroup,Inc/Documents/GitHub/BorderLog/LearnTests/LearnTests.swift (in target 'LearnTests' from project 'Learn')
    cd /Users/mccannstuart/Library/CloudStorage/OneDrive-TheBostonConsultingGroup,Inc/Documents/GitHub/BorderLog
    

/Users/mccannstuart/Library/CloudStorage/OneDrive-TheBostonConsultingGroup,Inc/Documents/GitHub/BorderLog/LearnTests/LearnTests.swift:29:42: error: generic parameter 'O' could not be inferred
        let summary = SchengenCalculator.summary(for: stays, asOf: date(2026, 2, 15), calendar: calendar)
                                         ^
Learn.SchengenCalculator.summary:2:33: note: in call to function 'summary(for:overrides:asOf:calendar:)'
@MainActor internal static func summary<S, O>(for stays: [S], overrides: [O] = [], asOf referenceDate: Date = Date(), calendar: Calendar = .current) -> Learn.SchengenSummary where S : Learn.SchengenStay, O : Learn.SchengenOverride}
                                ^
/Users/mccannstuart/Library/CloudStorage/OneDrive-TheBostonConsultingGroup,Inc/Documents/GitHub/BorderLog/LearnTests/LearnTests.swift:24:21: warning: expression is 'async' but is not marked with 'await'; this is an error in the Swift 6 language mode
        let stays = [
                    ^
                    await 
/Users/mccannstuart/Library/CloudStorage/OneDrive-TheBostonConsultingGroup,Inc/Documents/GitHub/BorderLog/LearnTests/LearnTests.swift:25:13: note: calls to initializer 'init(countryName:countryCode:region:enteredOn:exitedOn:notes:)' from outside of its actor context are implicitly asynchronous
            Stay(countryName: "Spain", region: .schengen, enteredOn: date(2026, 2, 4), exitedOn: date(2026, 2, 6)),
            ^
/Users/mccannstuart/Library/CloudStorage/OneDrive-TheBostonConsultingGroup,Inc/Documents/GitHub/BorderLog/LearnTests/LearnTests.swift:26:13: note: calls to initializer 'init(countryName:countryCode:region:enteredOn:exitedOn:notes:)' from outside of its actor context are implicitly asynchronous
            Stay(countryName: "France", region: .schengen, enteredOn: date(2026, 2, 1), exitedOn: date(2026, 2, 5)),
            ^
/Users/mccannstuart/Library/CloudStorage/OneDrive-TheBostonConsultingGroup,Inc/Documents/GitHub/BorderLog/LearnTests/LearnTests.swift:44:42: warning: main actor-isolated conformance of 'Stay' to 'SchengenStay' cannot be used in caller isolation inheriting-isolated context; this is an error in the Swift 6 language mode
        let summary = SchengenCalculator.summary(
                                         ^
/Users/mccannstuart/Library/CloudStorage/OneDrive-TheBostonConsultingGroup,Inc/Documents/GitHub/BorderLog/LearnTests/LearnTests.swift:51:31: warning: main actor-isolated property 'usedDays' can not be referenced from a nonisolated autoclosure
        XCTAssertTrue(summary.usedDays == 2)
                              ^
Learn.SchengenSummary.usedDays:2:25: note: property declared here
@MainActor internal let usedDays: Int}
                        ^
/Users/mccannstuart/Library/CloudStorage/OneDrive-TheBostonConsultingGroup,Inc/Documents/GitHub/BorderLog/LearnTests/LearnTests.swift:52:31: warning: main actor-isolated property 'remainingDays' can not be referenced from a nonisolated autoclosure
        XCTAssertTrue(summary.remainingDays == 88)
                              ^
Learn.SchengenSummary.remainingDays:2:25: note: property declared here
@MainActor internal let remainingDays: Int}
                        ^
/Users/mccannstuart/Library/CloudStorage/OneDrive-TheBostonConsultingGroup,Inc/Documents/GitHub/BorderLog/LearnTests/LearnTests.swift:38:13: warning: main actor-isolated initializer 'init(countryName:countryCode:region:enteredOn:exitedOn:notes:)' cannot be called from outside of the actor; this is an error in the Swift 6 language mode
            Stay(countryName: "Germany", region: .schengen, enteredOn: date(2026, 2, 1), exitedOn: date(2026, 2, 3)),
~~~~~~~~~~~~^~~~~~~~~~~~~~~~~~~~~~~~~~~~~~~~~~~~~~~~~~~~~~~~~~~~~~~~~~~~~~~~~~~~~~~~~~~~~~~~~~~~~~~~~~~~~~~~~~~~~~~~~
/Users/mccannstuart/Library/CloudStorage/OneDrive-TheBostonConsultingGroup,Inc/Documents/GitHub/BorderLog/LearnTests/LearnTests.swift:41:13: warning: main actor-isolated initializer 'init(date:countryName:countryCode:region:notes:)' cannot be called from outside of the actor; this is an error in the Swift 6 language mode
            DayOverride(date: date(2026, 2, 2), countryName: "UK", region: .nonSchengen, notes: "Transit"),
~~~~~~~~~~~~^~~~~~~~~~~~~~~~~~~~~~~~~~~~~~~~~~~~~~~~~~~~~~~~~~~~~~~~~~~~~~~~~~~~~~~~~~~~~~~~~~~~~~~~~~~~~~~
/Users/mccannstuart/Library/CloudStorage/OneDrive-TheBostonConsultingGroup,Inc/Documents/GitHub/BorderLog/LearnTests/LearnTests.swift:44:42: warning: main actor-isolated static method 'summary(for:overrides:asOf:calendar:)' cannot be called from outside of the actor; this is an error in the Swift 6 language mode
        let summary = SchengenCalculator.summary(
                      ~~~~~~~~~~~~~~~~~~~^~~~~~~~
                      await 
/Users/mccannstuart/Library/CloudStorage/OneDrive-TheBostonConsultingGroup,Inc/Documents/GitHub/BorderLog/LearnTests/LearnTests.swift:62:42: warning: main actor-isolated conformance of 'Stay' to 'SchengenStay' cannot be used in caller isolation inheriting-isolated context; this is an error in the Swift 6 language mode
        let summary = SchengenCalculator.summary(
                                         ^
/Users/mccannstuart/Library/CloudStorage/OneDrive-TheBostonConsultingGroup,Inc/Documents/GitHub/BorderLog/LearnTests/LearnTests.swift:69:31: warning: main actor-isolated property 'usedDays' can not be referenced from a nonisolated autoclosure
        XCTAssertTrue(summary.usedDays == 2)
                              ^
Learn.SchengenSummary.usedDays:2:25: note: property declared here
@MainActor internal let usedDays: Int}
                        ^
/Users/mccannstuart/Library/CloudStorage/OneDrive-TheBostonConsultingGroup,Inc/Documents/GitHub/BorderLog/LearnTests/LearnTests.swift:70:31: warning: main actor-isolated property 'remainingDays' can not be referenced from a nonisolated autoclosure
        XCTAssertTrue(summary.remainingDays == 88)
                              ^
Learn.SchengenSummary.remainingDays:2:25: note: property declared here
@MainActor internal let remainingDays: Int}
                        ^
/Users/mccannstuart/Library/CloudStorage/OneDrive-TheBostonConsultingGroup,Inc/Documents/GitHub/BorderLog/LearnTests/LearnTests.swift:57:25: warning: expression is 'async' but is not marked with 'await'; this is an error in the Swift 6 language mode
        let overrides = [
                        ^
                        await 
/Users/mccannstuart/Library/CloudStorage/OneDrive-TheBostonConsultingGroup,Inc/Documents/GitHub/BorderLog/LearnTests/LearnTests.swift:58:13: note: calls to initializer 'init(date:countryName:countryCode:region:notes:)' from outside of its actor context are implicitly asynchronous
            DayOverride(date: date(2026, 2, 4), countryName: "France", region: .schengen),
            ^
/Users/mccannstuart/Library/CloudStorage/OneDrive-TheBostonConsultingGroup,Inc/Documents/GitHub/BorderLog/LearnTests/LearnTests.swift:59:13: note: calls to initializer 'init(date:countryName:countryCode:region:notes:)' from outside of its actor context are implicitly asynchronous
            DayOverride(date: date(2026, 2, 5), countryName: "France", region: .schengen),
            ^
/Users/mccannstuart/Library/CloudStorage/OneDrive-TheBostonConsultingGroup,Inc/Documents/GitHub/BorderLog/LearnTests/LearnTests.swift:62:42: warning: main actor-isolated static method 'summary(for:overrides:asOf:calendar:)' cannot be called from outside of the actor; this is an error in the Swift 6 language mode
        let summary = SchengenCalculator.summary(
                      ~~~~~~~~~~~~~~~~~~~^~~~~~~~
                      await 
/Users/mccannstuart/Library/CloudStorage/OneDrive-TheBostonConsultingGroup,Inc/Documents/GitHub/BorderLog/LearnTests/LearnTests.swift:79:42: error: generic parameter 'O' could not be inferred
        let summary = SchengenCalculator.summary(for: stays, asOf: referenceDate, calendar: calendar)
                                         ^
Learn.SchengenCalculator.summary:2:33: note: in call to function 'summary(for:overrides:asOf:calendar:)'
@MainActor internal static func summary<S, O>(for stays: [S], overrides: [O] = [], asOf referenceDate: Date = Date(), calendar: Calendar = .current) -> Learn.SchengenSummary where S : Learn.SchengenStay, O : Learn.SchengenOverride}
                                ^
/Users/mccannstuart/Library/CloudStorage/OneDrive-TheBostonConsultingGroup,Inc/Documents/GitHub/BorderLog/LearnTests/LearnTests.swift:76:13: warning: main actor-isolated initializer 'init(countryName:countryCode:region:enteredOn:exitedOn:notes:)' cannot be called from outside of the actor; this is an error in the Swift 6 language mode
            Stay(countryName: "France", region: .schengen, enteredOn: date(2026, 1, 1), exitedOn: date(2026, 1, 2)),
~~~~~~~~~~~~^~~~~~~~~~~~~~~~~~~~~~~~~~~~~~~~~~~~~~~~~~~~~~~~~~~~~~~~~~~~~~~~~~~~~~~~~~~~~~~~~~~~~~~~~~~~~~~~~~~~~~~~
/Users/mccannstuart/Library/CloudStorage/OneDrive-TheBostonConsultingGroup,Inc/Documents/GitHub/BorderLog/LearnTests/LearnTests.swift:90:42: error: generic parameter 'O' could not be inferred
        let summary = SchengenCalculator.summary(for: stays, asOf: referenceDate, calendar: calendar)
                                         ^
Learn.SchengenCalculator.summary:2:33: note: in call to function 'summary(for:overrides:asOf:calendar:)'
@MainActor internal static func summary<S, O>(for stays: [S], overrides: [O] = [], asOf referenceDate: Date = Date(), calendar: Calendar = .current) -> Learn.SchengenSummary where S : Learn.SchengenStay, O : Learn.SchengenOverride}
                                ^
/Users/mccannstuart/Library/CloudStorage/OneDrive-TheBostonConsultingGroup,Inc/Documents/GitHub/BorderLog/LearnTests/LearnTests.swift:87:13: warning: main actor-isolated initializer 'init(countryName:countryCode:region:enteredOn:exitedOn:notes:)' cannot be called from outside of the actor; this is an error in the Swift 6 language mode
            Stay(countryName: "France", region: .schengen, enteredOn: date(2026, 1, 1), exitedOn: date(2026, 1, 5)),
~~~~~~~~~~~~^~~~~~~~~~~~~~~~~~~~~~~~~~~~~~~~~~~~~~~~~~~~~~~~~~~~~~~~~~~~~~~~~~~~~~~~~~~~~~~~~~~~~~~~~~~~~~~~~~~~~~~~
/Users/mccannstuart/Library/CloudStorage/OneDrive-TheBostonConsultingGroup,Inc/Documents/GitHub/BorderLog/LearnTests/LearnTests.swift:102:42: error: generic parameter 'O' could not be inferred
        let summary = SchengenCalculator.summary(for: stays, asOf: referenceDate, calendar: calendar)
                                         ^
Learn.SchengenCalculator.summary:2:33: note: in call to function 'summary(for:overrides:asOf:calendar:)'
@MainActor internal static func summary<S, O>(for stays: [S], overrides: [O] = [], asOf referenceDate: Date = Date(), calendar: Calendar = .current) -> Learn.SchengenSummary where S : Learn.SchengenStay, O : Learn.SchengenOverride}
                                ^
/Users/mccannstuart/Library/CloudStorage/OneDrive-TheBostonConsultingGroup,Inc/Documents/GitHub/BorderLog/LearnTests/LearnTests.swift:99:13: warning: main actor-isolated initializer 'init(countryName:countryCode:region:enteredOn:exitedOn:notes:)' cannot be called from outside of the actor; this is an error in the Swift 6 language mode
            Stay(countryName: "France", region: .schengen, enteredOn: date(2026, 7, 2), exitedOn: date(2026, 7, 10)),
~~~~~~~~~~~~^~~~~~~~~~~~~~~~~~~~~~~~~~~~~~~~~~~~~~~~~~~~~~~~~~~~~~~~~~~~~~~~~~~~~~~~~~~~~~~~~~~~~~~~~~~~~~~~~~~~~~~~~
/Users/mccannstuart/Library/CloudStorage/OneDrive-TheBostonConsultingGroup,Inc/Documents/GitHub/BorderLog/LearnTests/LearnTests.swift:113:42: error: generic parameter 'O' could not be inferred
        let summary = SchengenCalculator.summary(for: stays, asOf: referenceDate, calendar: calendar)
                                         ^
Learn.SchengenCalculator.summary:2:33: note: in call to function 'summary(for:overrides:asOf:calendar:)'
@MainActor internal static func summary<S, O>(for stays: [S], overrides: [O] = [], asOf referenceDate: Date = Date(), calendar: Calendar = .current) -> Learn.SchengenSummary where S : Learn.SchengenStay, O : Learn.SchengenOverride}
                                ^
/Users/mccannstuart/Library/CloudStorage/OneDrive-TheBostonConsultingGroup,Inc/Documents/GitHub/BorderLog/LearnTests/LearnTests.swift:110:13: warning: main actor-isolated initializer 'init(countryName:countryCode:region:enteredOn:exitedOn:notes:)' cannot be called from outside of the actor; this is an error in the Swift 6 language mode
            Stay(countryName: "France", region: .schengen, enteredOn: date(2026, 6, 30), exitedOn: date(2026, 7, 5)),
~~~~~~~~~~~~^~~~~~~~~~~~~~~~~~~~~~~~~~~~~~~~~~~~~~~~~~~~~~~~~~~~~~~~~~~~~~~~~~~~~~~~~~~~~~~~~~~~~~~~~~~~~~~~~~~~~~~~~
/Users/mccannstuart/Library/CloudStorage/OneDrive-TheBostonConsultingGroup,Inc/Documents/GitHub/BorderLog/LearnTests/LearnTests.swift:123:42: warning: main actor-isolated conformance of 'Stay' to 'SchengenStay' cannot be used in caller isolation inheriting-isolated context; this is an error in the Swift 6 language mode
        let summary = SchengenCalculator.summary(
                                         ^
/Users/mccannstuart/Library/CloudStorage/OneDrive-TheBostonConsultingGroup,Inc/Documents/GitHub/BorderLog/LearnTests/LearnTests.swift:130:31: warning: main actor-isolated property 'usedDays' can not be referenced from a nonisolated autoclosure
        XCTAssertTrue(summary.usedDays == 0)
                              ^
Learn.SchengenSummary.usedDays:2:25: note: property declared here
@MainActor internal let usedDays: Int}
                        ^
/Users/mccannstuart/Library/CloudStorage/OneDrive-TheBostonConsultingGroup,Inc/Documents/GitHub/BorderLog/LearnTests/LearnTests.swift:131:31: warning: main actor-isolated property 'remainingDays' can not be referenced from a nonisolated autoclosure
        XCTAssertTrue(summary.remainingDays == 90)
                              ^
Learn.SchengenSummary.remainingDays:2:25: note: property declared here
@MainActor internal let remainingDays: Int}
                        ^
/Users/mccannstuart/Library/CloudStorage/OneDrive-TheBostonConsultingGroup,Inc/Documents/GitHub/BorderLog/LearnTests/LearnTests.swift:132:31: warning: main actor-isolated property 'overstayDays' can not be referenced from a nonisolated autoclosure
        XCTAssertTrue(summary.overstayDays == 0)
                              ^
Learn.SchengenSummary.overstayDays:2:25: note: property declared here
@MainActor internal let overstayDays: Int}
                        ^
/Users/mccannstuart/Library/CloudStorage/OneDrive-TheBostonConsultingGroup,Inc/Documents/GitHub/BorderLog/LearnTests/LearnTests.swift:123:42: warning: main actor-isolated static method 'summary(for:overrides:asOf:calendar:)' cannot be called from outside of the actor; this is an error in the Swift 6 language mode
        let summary = SchengenCalculator.summary(
                      ~~~~~~~~~~~~~~~~~~~^~~~~~~~
                      await 

/Users/mccannstuart/Library/CloudStorage/OneDrive-TheBostonConsultingGroup,Inc/Documents/GitHub/BorderLog/LearnTests/LearnTests.swift:29:42: Generic parameter 'O' could not be inferred

/Users/mccannstuart/Library/CloudStorage/OneDrive-TheBostonConsultingGroup,Inc/Documents/GitHub/BorderLog/LearnTests/LearnTests.swift:24:21: Expression is 'async' but is not marked with 'await'; this is an error in the Swift 6 language mode

/Users/mccannstuart/Library/CloudStorage/OneDrive-TheBostonConsultingGroup,Inc/Documents/GitHub/BorderLog/LearnTests/LearnTests.swift:44:42: Main actor-isolated conformance of 'Stay' to 'SchengenStay' cannot be used in caller isolation inheriting-isolated context; this is an error in the Swift 6 language mode

/Users/mccannstuart/Library/CloudStorage/OneDrive-TheBostonConsultingGroup,Inc/Documents/GitHub/BorderLog/LearnTests/LearnTests.swift:51:31: Main actor-isolated property 'usedDays' can not be referenced from a nonisolated autoclosure

/Users/mccannstuart/Library/CloudStorage/OneDrive-TheBostonConsultingGroup,Inc/Documents/GitHub/BorderLog/LearnTests/LearnTests.swift:52:31: Main actor-isolated property 'remainingDays' can not be referenced from a nonisolated autoclosure

/Users/mccannstuart/Library/CloudStorage/OneDrive-TheBostonConsultingGroup,Inc/Documents/GitHub/BorderLog/LearnTests/LearnTests.swift:38:13: Main actor-isolated initializer 'init(countryName:countryCode:region:enteredOn:exitedOn:notes:)' cannot be called from outside of the actor; this is an error in the Swift 6 language mode

/Users/mccannstuart/Library/CloudStorage/OneDrive-TheBostonConsultingGroup,Inc/Documents/GitHub/BorderLog/LearnTests/LearnTests.swift:41:13: Main actor-isolated initializer 'init(date:countryName:countryCode:region:notes:)' cannot be called from outside of the actor; this is an error in the Swift 6 language mode

/Users/mccannstuart/Library/CloudStorage/OneDrive-TheBostonConsultingGroup,Inc/Documents/GitHub/BorderLog/LearnTests/LearnTests.swift:44:42: Main actor-isolated static method 'summary(for:overrides:asOf:calendar:)' cannot be called from outside of the actor; this is an error in the Swift 6 language mode

/Users/mccannstuart/Library/CloudStorage/OneDrive-TheBostonConsultingGroup,Inc/Documents/GitHub/BorderLog/LearnTests/LearnTests.swift:62:42: Main actor-isolated conformance of 'Stay' to 'SchengenStay' cannot be used in caller isolation inheriting-isolated context; this is an error in the Swift 6 language mode

/Users/mccannstuart/Library/CloudStorage/OneDrive-TheBostonConsultingGroup,Inc/Documents/GitHub/BorderLog/LearnTests/LearnTests.swift:69:31: Main actor-isolated property 'usedDays' can not be referenced from a nonisolated autoclosure

/Users/mccannstuart/Library/CloudStorage/OneDrive-TheBostonConsultingGroup,Inc/Documents/GitHub/BorderLog/LearnTests/LearnTests.swift:70:31: Main actor-isolated property 'remainingDays' can not be referenced from a nonisolated autoclosure

/Users/mccannstuart/Library/CloudStorage/OneDrive-TheBostonConsultingGroup,Inc/Documents/GitHub/BorderLog/LearnTests/LearnTests.swift:57:25: Expression is 'async' but is not marked with 'await'; this is an error in the Swift 6 language mode

/Users/mccannstuart/Library/CloudStorage/OneDrive-TheBostonConsultingGroup,Inc/Documents/GitHub/BorderLog/LearnTests/LearnTests.swift:62:42: Main actor-isolated static method 'summary(for:overrides:asOf:calendar:)' cannot be called from outside of the actor; this is an error in the Swift 6 language mode

/Users/mccannstuart/Library/CloudStorage/OneDrive-TheBostonConsultingGroup,Inc/Documents/GitHub/BorderLog/LearnTests/LearnTests.swift:79:42: Generic parameter 'O' could not be inferred

/Users/mccannstuart/Library/CloudStorage/OneDrive-TheBostonConsultingGroup,Inc/Documents/GitHub/BorderLog/LearnTests/LearnTests.swift:76:13: Main actor-isolated initializer 'init(countryName:countryCode:region:enteredOn:exitedOn:notes:)' cannot be called from outside of the actor; this is an error in the Swift 6 language mode

/Users/mccannstuart/Library/CloudStorage/OneDrive-TheBostonConsultingGroup,Inc/Documents/GitHub/BorderLog/LearnTests/LearnTests.swift:90:42: Generic parameter 'O' could not be inferred

/Users/mccannstuart/Library/CloudStorage/OneDrive-TheBostonConsultingGroup,Inc/Documents/GitHub/BorderLog/LearnTests/LearnTests.swift:87:13: Main actor-isolated initializer 'init(countryName:countryCode:region:enteredOn:exitedOn:notes:)' cannot be called from outside of the actor; this is an error in the Swift 6 language mode

/Users/mccannstuart/Library/CloudStorage/OneDrive-TheBostonConsultingGroup,Inc/Documents/GitHub/BorderLog/LearnTests/LearnTests.swift:102:42: Generic parameter 'O' could not be inferred

/Users/mccannstuart/Library/CloudStorage/OneDrive-TheBostonConsultingGroup,Inc/Documents/GitHub/BorderLog/LearnTests/LearnTests.swift:99:13: Main actor-isolated initializer 'init(countryName:countryCode:region:enteredOn:exitedOn:notes:)' cannot be called from outside of the actor; this is an error in the Swift 6 language mode

/Users/mccannstuart/Library/CloudStorage/OneDrive-TheBostonConsultingGroup,Inc/Documents/GitHub/BorderLog/LearnTests/LearnTests.swift:113:42: Generic parameter 'O' could not be inferred

/Users/mccannstuart/Library/CloudStorage/OneDrive-TheBostonConsultingGroup,Inc/Documents/GitHub/BorderLog/LearnTests/LearnTests.swift:110:13: Main actor-isolated initializer 'init(countryName:countryCode:region:enteredOn:exitedOn:notes:)' cannot be called from outside of the actor; this is an error in the Swift 6 language mode

/Users/mccannstuart/Library/CloudStorage/OneDrive-TheBostonConsultingGroup,Inc/Documents/GitHub/BorderLog/LearnTests/LearnTests.swift:123:42: Main actor-isolated conformance of 'Stay' to 'SchengenStay' cannot be used in caller isolation inheriting-isolated context; this is an error in the Swift 6 language mode

/Users/mccannstuart/Library/CloudStorage/OneDrive-TheBostonConsultingGroup,Inc/Documents/GitHub/BorderLog/LearnTests/LearnTests.swift:130:31: Main actor-isolated property 'usedDays' can not be referenced from a nonisolated autoclosure

/Users/mccannstuart/Library/CloudStorage/OneDrive-TheBostonConsultingGroup,Inc/Documents/GitHub/BorderLog/LearnTests/LearnTests.swift:131:31: Main actor-isolated property 'remainingDays' can not be referenced from a nonisolated autoclosure

/Users/mccannstuart/Library/CloudStorage/OneDrive-TheBostonConsultingGroup,Inc/Documents/GitHub/BorderLog/LearnTests/LearnTests.swift:132:31: Main actor-isolated property 'overstayDays' can not be referenced from a nonisolated autoclosure

/Users/mccannstuart/Library/CloudStorage/OneDrive-TheBostonConsultingGroup,Inc/Documents/GitHub/BorderLog/LearnTests/LearnTests.swift:123:42: Main actor-isolated static method 'summary(for:overrides:asOf:calendar:)' cannot be called from outside of the actor; this is an error in the Swift 6 language mode

SwiftCompile normal arm64 Compiling\ StayDurationTests.swift /Users/mccannstuart/Library/CloudStorage/OneDrive-TheBostonConsultingGroup,Inc/Documents/GitHub/BorderLog/LearnTests/StayDurationTests.swift (in target 'LearnTests' from project 'Learn')

SwiftCompile normal arm64 /Users/mccannstuart/Library/CloudStorage/OneDrive-TheBostonConsultingGroup,Inc/Documents/GitHub/BorderLog/LearnTests/StayDurationTests.swift (in target 'LearnTests' from project 'Learn')
    cd /Users/mccannstuart/Library/CloudStorage/OneDrive-TheBostonConsultingGroup,Inc/Documents/GitHub/BorderLog
    

SwiftCompile normal arm64 Compiling\ TravelEntryTests.swift /Users/mccannstuart/Library/CloudStorage/OneDrive-TheBostonConsultingGroup,Inc/Documents/GitHub/BorderLog/LearnTests/TravelEntryTests.swift (in target 'LearnTests' from project 'Learn')

SwiftCompile normal arm64 /Users/mccannstuart/Library/CloudStorage/OneDrive-TheBostonConsultingGroup,Inc/Documents/GitHub/BorderLog/LearnTests/TravelEntryTests.swift (in target 'LearnTests' from project 'Learn')
    cd /Users/mccannstuart/Library/CloudStorage/OneDrive-TheBostonConsultingGroup,Inc/Documents/GitHub/BorderLog
    

SwiftEmitModule normal arm64 Emitting\ module\ for\ LearnTests (in target 'LearnTests' from project 'Learn')

EmitSwiftModule normal arm64 (in target 'LearnTests' from project 'Learn')
    cd /Users/mccannstuart/Library/CloudStorage/OneDrive-TheBostonConsultingGroup,Inc/Documents/GitHub/BorderLog
    

SwiftCompile normal arm64 Compiling\ StayTests.swift /Users/mccannstuart/Library/CloudStorage/OneDrive-TheBostonConsultingGroup,Inc/Documents/GitHub/BorderLog/LearnTests/StayTests.swift (in target 'LearnTests' from project 'Learn')

SwiftCompile normal arm64 /Users/mccannstuart/Library/CloudStorage/OneDrive-TheBostonConsultingGroup,Inc/Documents/GitHub/BorderLog/LearnTests/StayTests.swift (in target 'LearnTests' from project 'Learn')
    cd /Users/mccannstuart/Library/CloudStorage/OneDrive-TheBostonConsultingGroup,Inc/Documents/GitHub/BorderLog
    

/Users/mccannstuart/Library/CloudStorage/OneDrive-TheBostonConsultingGroup,Inc/Documents/GitHub/BorderLog/LearnTests/StayTests.swift:12:37: warning: main actor-isolated conformance of 'Stay' to 'TravelEntry' cannot be used in nonisolated context; this is an error in the Swift 6 language mode
        XCTAssertTrue(entryWithCode.displayTitle == "France (FR)")
                                    ^
/Users/mccannstuart/Library/CloudStorage/OneDrive-TheBostonConsultingGroup,Inc/Documents/GitHub/BorderLog/LearnTests/StayTests.swift:19:42: warning: main actor-isolated conformance of 'Stay' to 'TravelEntry' cannot be used in nonisolated context; this is an error in the Swift 6 language mode
        XCTAssertTrue(entryWithEmptyCode.displayTitle == "France")
                                         ^
/Users/mccannstuart/Library/CloudStorage/OneDrive-TheBostonConsultingGroup,Inc/Documents/GitHub/BorderLog/LearnTests/StayTests.swift:26:47: warning: main actor-isolated conformance of 'Stay' to 'TravelEntry' cannot be used in nonisolated context; this is an error in the Swift 6 language mode
        XCTAssertTrue(entryWithWhitespaceCode.displayTitle == "France")
                                              ^
/Users/mccannstuart/Library/CloudStorage/OneDrive-TheBostonConsultingGroup,Inc/Documents/GitHub/BorderLog/LearnTests/StayTests.swift:33:40: warning: main actor-isolated conformance of 'Stay' to 'TravelEntry' cannot be used in nonisolated context; this is an error in the Swift 6 language mode
        XCTAssertTrue(entryWithNilCode.displayTitle == "France")
                                       ^
/Users/mccannstuart/Library/CloudStorage/OneDrive-TheBostonConsultingGroup,Inc/Documents/GitHub/BorderLog/LearnTests/StayTests.swift:40:46: warning: main actor-isolated conformance of 'Stay' to 'TravelEntry' cannot be used in nonisolated context; this is an error in the Swift 6 language mode
        XCTAssertTrue(entryWithMixedCaseCode.displayTitle == "France (FR)")
                                             ^

/Users/mccannstuart/Library/CloudStorage/OneDrive-TheBostonConsultingGroup,Inc/Documents/GitHub/BorderLog/LearnTests/StayTests.swift:12:37: Main actor-isolated conformance of 'Stay' to 'TravelEntry' cannot be used in nonisolated context; this is an error in the Swift 6 language mode

/Users/mccannstuart/Library/CloudStorage/OneDrive-TheBostonConsultingGroup,Inc/Documents/GitHub/BorderLog/LearnTests/StayTests.swift:19:42: Main actor-isolated conformance of 'Stay' to 'TravelEntry' cannot be used in nonisolated context; this is an error in the Swift 6 language mode

/Users/mccannstuart/Library/CloudStorage/OneDrive-TheBostonConsultingGroup,Inc/Documents/GitHub/BorderLog/LearnTests/StayTests.swift:26:47: Main actor-isolated conformance of 'Stay' to 'TravelEntry' cannot be used in nonisolated context; this is an error in the Swift 6 language mode

/Users/mccannstuart/Library/CloudStorage/OneDrive-TheBostonConsultingGroup,Inc/Documents/GitHub/BorderLog/LearnTests/StayTests.swift:33:40: Main actor-isolated conformance of 'Stay' to 'TravelEntry' cannot be used in nonisolated context; this is an error in the Swift 6 language mode

/Users/mccannstuart/Library/CloudStorage/OneDrive-TheBostonConsultingGroup,Inc/Documents/GitHub/BorderLog/LearnTests/StayTests.swift:40:46: Main actor-isolated conformance of 'Stay' to 'TravelEntry' cannot be used in nonisolated context; this is an error in the Swift 6 language mode

SwiftCompile normal arm64 Compiling\ PerformanceTests.swift /Users/mccannstuart/Library/CloudStorage/OneDrive-TheBostonConsultingGroup,Inc/Documents/GitHub/BorderLog/LearnTests/PerformanceTests.swift (in target 'LearnTests' from project 'Learn')

SwiftCompile normal arm64 /Users/mccannstuart/Library/CloudStorage/OneDrive-TheBostonConsultingGroup,Inc/Documents/GitHub/BorderLog/LearnTests/PerformanceTests.swift (in target 'LearnTests' from project 'Learn')
    cd /Users/mccannstuart/Library/CloudStorage/OneDrive-TheBostonConsultingGroup,Inc/Documents/GitHub/BorderLog
    

SwiftCompile normal arm64 Compiling\ DataManagerTests.swift /Users/mccannstuart/Library/CloudStorage/OneDrive-TheBostonConsultingGroup,Inc/Documents/GitHub/BorderLog/LearnTests/DataManagerTests.swift (in target 'LearnTests' from project 'Learn')

SwiftCompile normal arm64 /Users/mccannstuart/Library/CloudStorage/OneDrive-TheBostonConsultingGroup,Inc/Documents/GitHub/BorderLog/LearnTests/DataManagerTests.swift (in target 'LearnTests' from project 'Learn')
    cd /Users/mccannstuart/Library/CloudStorage/OneDrive-TheBostonConsultingGroup,Inc/Documents/GitHub/BorderLog
    

SwiftCompile normal arm64 Compiling\ StayValidationTests.swift /Users/mccannstuart/Library/CloudStorage/OneDrive-TheBostonConsultingGroup,Inc/Documents/GitHub/BorderLog/LearnTests/StayValidationTests.swift (in target 'LearnTests' from project 'Learn')

SwiftCompile normal arm64 /Users/mccannstuart/Library/CloudStorage/OneDrive-TheBostonConsultingGroup,Inc/Documents/GitHub/BorderLog/LearnTests/StayValidationTests.swift (in target 'LearnTests' from project 'Learn')
    cd /Users/mccannstuart/Library/CloudStorage/OneDrive-TheBostonConsultingGroup,Inc/Documents/GitHub/BorderLog
    

SwiftDriverJobDiscovery normal arm64 Emitting module for LearnTests (in target 'LearnTests' from project 'Learn')

SwiftDriver\ Compilation\ Requirements LearnTests normal arm64 com.apple.xcode.tools.swift.compiler (in target 'LearnTests' from project 'Learn')
    cd /Users/mccannstuart/Library/CloudStorage/OneDrive-TheBostonConsultingGroup,Inc/Documents/GitHub/BorderLog
    builtin-Swift-Compilation-Requirements -- /Applications/Xcode.app/Contents/Developer/Toolchains/XcodeDefault.xctoolchain/usr/bin/swiftc -module-name LearnTests -Onone -enforce-exclusivity\=checked @/Users/mccannstuart/Library/Developer/Xcode/DerivedData/Learn-ezkbkxfrsguzbrebgqiodtxdlwcn/Build/Intermediates.noindex/Learn.build/Debug-iphonesimulator/LearnTests.build/Objects-normal/arm64/LearnTests.SwiftFileList -DDEBUG -plugin-path /Applications/Xcode.app/Contents/Developer/Toolchains/XcodeDefault.xctoolchain/usr/lib/swift/host/plugins/testing -enable-bare-slash-regex -enable-upcoming-feature DisableOutwardActorInference -enable-upcoming-feature InferSendableFromCaptures -enable-upcoming-feature GlobalActorIsolatedTypesUsability -enable-upcoming-feature MemberImportVisibility -enable-upcoming-feature InferIsolatedConformances -enable-upcoming-feature NonisolatedNonsendingByDefault -enable-experimental-feature DebugDescriptionMacro -sdk /Applications/Xcode.app/Contents/Developer/Platforms/iPhoneSimulator.platform/Developer/SDKs/iPhoneSimulator26.2.sdk -target arm64-apple-ios26.2-simulator -g -module-cache-path /Users/mccannstuart/Library/Developer/Xcode/DerivedData/ModuleCache.noindex -Xfrontend -serialize-debugging-options -profile-coverage-mapping -profile-generate -enable-testing -index-store-path /Users/mccannstuart/Library/Developer/Xcode/DerivedData/Learn-ezkbkxfrsguzbrebgqiodtxdlwcn/Index.noindex/DataStore -swift-version 5 -I /Users/mccannstuart/Library/Developer/Xcode/DerivedData/Learn-ezkbkxfrsguzbrebgqiodtxdlwcn/Build/Products/Debug-iphonesimulator -Isystem /Applications/Xcode.app/Contents/Developer/Platforms/iPhoneSimulator.platform/Developer/usr/lib -F /Users/mccannstuart/Library/Developer/Xcode/DerivedData/Learn-ezkbkxfrsguzbrebgqiodtxdlwcn/Build/Products/Debug-iphonesimulator -F /Applications/Xcode.app/Contents/Developer/Platforms/iPhoneSimulator.platform/Developer/Library/Frameworks -F /Applications/Xcode.app/Contents/Developer/Platforms/iPhoneSimulator.platform/Developer/SDKs/iPhoneSimulator26.2.sdk/Developer/Library/Frameworks -c -j10 -enable-batch-mode -incremental -Xcc -ivfsstatcache -Xcc /Users/mccannstuart/Library/Developer/Xcode/DerivedData/SDKStatCaches.noindex/iphonesimulator26.2-23C57-e8867d0c40613ffc63e0238af232dc507d00a8b37fbd7999ea79df8ebc024bf0.sdkstatcache -output-file-map /Users/mccannstuart/Library/Developer/Xcode/DerivedData/Learn-ezkbkxfrsguzbrebgqiodtxdlwcn/Build/Intermediates.noindex/Learn.build/Debug-iphonesimulator/LearnTests.build/Objects-normal/arm64/LearnTests-OutputFileMap.json -use-frontend-parseable-output -save-temps -no-color-diagnostics -explicit-module-build -module-cache-path /Users/mccannstuart/Library/Developer/Xcode/DerivedData/Learn-ezkbkxfrsguzbrebgqiodtxdlwcn/Build/Intermediates.noindex/SwiftExplicitPrecompiledModules -clang-scanner-module-cache-path /Users/mccannstuart/Library/Developer/Xcode/DerivedData/ModuleCache.noindex -sdk-module-cache-path /Users/mccannstuart/Library/Developer/Xcode/DerivedData/ModuleCache.noindex -serialize-diagnostics -emit-dependencies -emit-module -emit-module-path /Users/mccannstuart/Library/Developer/Xcode/DerivedData/Learn-ezkbkxfrsguzbrebgqiodtxdlwcn/Build/Intermediates.noindex/Learn.build/Debug-iphonesimulator/LearnTests.build/Objects-normal/arm64/LearnTests.swiftmodule -validate-clang-modules-once -clang-build-session-file /Users/mccannstuart/Library/Developer/Xcode/DerivedData/ModuleCache.noindex/Session.modulevalidation -Xcc -I/Users/mccannstuart/Library/Developer/Xcode/DerivedData/Learn-ezkbkxfrsguzbrebgqiodtxdlwcn/Build/Intermediates.noindex/Learn.build/Debug-iphonesimulator/LearnTests.build/swift-overrides.hmap -emit-const-values -Xfrontend -const-gather-protocols-file -Xfrontend /Users/mccannstuart/Library/Developer/Xcode/DerivedData/Learn-ezkbkxfrsguzbrebgqiodtxdlwcn/Build/Intermediates.noindex/Learn.build/Debug-iphonesimulator/LearnTests.build/Objects-normal/arm64/LearnTests_const_extract_protocols.json -Xcc -iquote -Xcc /Users/mccannstuart/Library/Developer/Xcode/DerivedData/Learn-ezkbkxfrsguzbrebgqiodtxdlwcn/Build/Intermediates.noindex/Learn.build/Debug-iphonesimulator/LearnTests.build/LearnTests-generated-files.hmap -Xcc -I/Users/mccannstuart/Library/Developer/Xcode/DerivedData/Learn-ezkbkxfrsguzbrebgqiodtxdlwcn/Build/Intermediates.noindex/Learn.build/Debug-iphonesimulator/LearnTests.build/LearnTests-own-target-headers.hmap -Xcc -I/Users/mccannstuart/Library/Developer/Xcode/DerivedData/Learn-ezkbkxfrsguzbrebgqiodtxdlwcn/Build/Intermediates.noindex/Learn.build/Debug-iphonesimulator/LearnTests.build/LearnTests-all-target-headers.hmap -Xcc -iquote -Xcc /Users/mccannstuart/Library/Developer/Xcode/DerivedData/Learn-ezkbkxfrsguzbrebgqiodtxdlwcn/Build/Intermediates.noindex/Learn.build/Debug-iphonesimulator/LearnTests.build/LearnTests-project-headers.hmap -Xcc -I/Users/mccannstuart/Library/Developer/Xcode/DerivedData/Learn-ezkbkxfrsguzbrebgqiodtxdlwcn/Build/Products/Debug-iphonesimulator/include -Xcc -I/Users/mccannstuart/Library/Developer/Xcode/DerivedData/Learn-ezkbkxfrsguzbrebgqiodtxdlwcn/Build/Intermediates.noindex/Learn.build/Debug-iphonesimulator/LearnTests.build/DerivedSources-normal/arm64 -Xcc -I/Users/mccannstuart/Library/Developer/Xcode/DerivedData/Learn-ezkbkxfrsguzbrebgqiodtxdlwcn/Build/Intermediates.noindex/Learn.build/Debug-iphonesimulator/LearnTests.build/DerivedSources/arm64 -Xcc -I/Users/mccannstuart/Library/Developer/Xcode/DerivedData/Learn-ezkbkxfrsguzbrebgqiodtxdlwcn/Build/Intermediates.noindex/Learn.build/Debug-iphonesimulator/LearnTests.build/DerivedSources -Xcc -DDEBUG\=1 -emit-objc-header -emit-objc-header-path /Users/mccannstuart/Library/Developer/Xcode/DerivedData/Learn-ezkbkxfrsguzbrebgqiodtxdlwcn/Build/Intermediates.noindex/Learn.build/Debug-iphonesimulator/LearnTests.build/Objects-normal/arm64/LearnTests-Swift.h -working-directory /Users/mccannstuart/Library/CloudStorage/OneDrive-TheBostonConsultingGroup,Inc/Documents/GitHub/BorderLog -experimental-emit-module-separately -disable-cmo

Copy /Users/mccannstuart/Library/Developer/Xcode/DerivedData/Learn-ezkbkxfrsguzbrebgqiodtxdlwcn/Build/Products/Debug-iphonesimulator/LearnTests.swiftmodule/arm64-apple-ios-simulator.swiftmodule /Users/mccannstuart/Library/Developer/Xcode/DerivedData/Learn-ezkbkxfrsguzbrebgqiodtxdlwcn/Build/Intermediates.noindex/Learn.build/Debug-iphonesimulator/LearnTests.build/Objects-normal/arm64/LearnTests.swiftmodule (in target 'LearnTests' from project 'Learn')
    cd /Users/mccannstuart/Library/CloudStorage/OneDrive-TheBostonConsultingGroup,Inc/Documents/GitHub/BorderLog
    builtin-copy -exclude .DS_Store -exclude CVS -exclude .svn -exclude .git -exclude .hg -strip-unsigned-binaries -strip-deterministic -strip-tool /Applications/Xcode.app/Contents/Developer/Toolchains/XcodeDefault.xctoolchain/usr/bin/strip -resolve-src-symlinks -rename /Users/mccannstuart/Library/Developer/Xcode/DerivedData/Learn-ezkbkxfrsguzbrebgqiodtxdlwcn/Build/Intermediates.noindex/Learn.build/Debug-iphonesimulator/LearnTests.build/Objects-normal/arm64/LearnTests.swiftmodule /Users/mccannstuart/Library/Developer/Xcode/DerivedData/Learn-ezkbkxfrsguzbrebgqiodtxdlwcn/Build/Products/Debug-iphonesimulator/LearnTests.swiftmodule/arm64-apple-ios-simulator.swiftmodule

Copy /Users/mccannstuart/Library/Developer/Xcode/DerivedData/Learn-ezkbkxfrsguzbrebgqiodtxdlwcn/Build/Products/Debug-iphonesimulator/LearnTests.swiftmodule/arm64-apple-ios-simulator.abi.json /Users/mccannstuart/Library/Developer/Xcode/DerivedData/Learn-ezkbkxfrsguzbrebgqiodtxdlwcn/Build/Intermediates.noindex/Learn.build/Debug-iphonesimulator/LearnTests.build/Objects-normal/arm64/LearnTests.abi.json (in target 'LearnTests' from project 'Learn')
    cd /Users/mccannstuart/Library/CloudStorage/OneDrive-TheBostonConsultingGroup,Inc/Documents/GitHub/BorderLog
    builtin-copy -exclude .DS_Store -exclude CVS -exclude .svn -exclude .git -exclude .hg -strip-unsigned-binaries -strip-deterministic -strip-tool /Applications/Xcode.app/Contents/Developer/Toolchains/XcodeDefault.xctoolchain/usr/bin/strip -resolve-src-symlinks -rename /Users/mccannstuart/Library/Developer/Xcode/DerivedData/Learn-ezkbkxfrsguzbrebgqiodtxdlwcn/Build/Intermediates.noindex/Learn.build/Debug-iphonesimulator/LearnTests.build/Objects-normal/arm64/LearnTests.abi.json /Users/mccannstuart/Library/Developer/Xcode/DerivedData/Learn-ezkbkxfrsguzbrebgqiodtxdlwcn/Build/Products/Debug-iphonesimulator/LearnTests.swiftmodule/arm64-apple-ios-simulator.abi.json

Copy /Users/mccannstuart/Library/Developer/Xcode/DerivedData/Learn-ezkbkxfrsguzbrebgqiodtxdlwcn/Build/Products/Debug-iphonesimulator/LearnTests.swiftmodule/Project/arm64-apple-ios-simulator.swiftsourceinfo /Users/mccannstuart/Library/Developer/Xcode/DerivedData/Learn-ezkbkxfrsguzbrebgqiodtxdlwcn/Build/Intermediates.noindex/Learn.build/Debug-iphonesimulator/LearnTests.build/Objects-normal/arm64/LearnTests.swiftsourceinfo (in target 'LearnTests' from project 'Learn')
    cd /Users/mccannstuart/Library/CloudStorage/OneDrive-TheBostonConsultingGroup,Inc/Documents/GitHub/BorderLog
    builtin-copy -exclude .DS_Store -exclude CVS -exclude .svn -exclude .git -exclude .hg -strip-unsigned-binaries -strip-deterministic -strip-tool /Applications/Xcode.app/Contents/Developer/Toolchains/XcodeDefault.xctoolchain/usr/bin/strip -resolve-src-symlinks -rename /Users/mccannstuart/Library/Developer/Xcode/DerivedData/Learn-ezkbkxfrsguzbrebgqiodtxdlwcn/Build/Intermediates.noindex/Learn.build/Debug-iphonesimulator/LearnTests.build/Objects-normal/arm64/LearnTests.swiftsourceinfo /Users/mccannstuart/Library/Developer/Xcode/DerivedData/Learn-ezkbkxfrsguzbrebgqiodtxdlwcn/Build/Products/Debug-iphonesimulator/LearnTests.swiftmodule/Project/arm64-apple-ios-simulator.swiftsourceinfo

SwiftDriverJobDiscovery normal arm64 Compiling StayTests.swift (in target 'LearnTests' from project 'Learn')

SwiftDriverJobDiscovery normal arm64 Compiling StayDurationTests.swift (in target 'LearnTests' from project 'Learn')

SwiftDriverJobDiscovery normal arm64 Compiling DayOverrideTests.swift (in target 'LearnTests' from project 'Learn')

SwiftDriverJobDiscovery normal arm64 Compiling TravelEntryTests.swift (in target 'LearnTests' from project 'Learn')



Activity Log Complete    15/02/2026, 22:26    3.9 seconds
